mode: set
github.com/viktorfrom/d7024e-kademlia/cmd/kademlia/commands.go:27.73,29.21 1 1
github.com/viktorfrom/d7024e-kademlia/cmd/kademlia/commands.go:30.13,31.25 1 1
github.com/viktorfrom/d7024e-kademlia/cmd/kademlia/commands.go:36.11,37.25 1 1
github.com/viktorfrom/d7024e-kademlia/cmd/kademlia/commands.go:42.14,43.25 1 1
github.com/viktorfrom/d7024e-kademlia/cmd/kademlia/commands.go:48.13,49.25 1 1
github.com/viktorfrom/d7024e-kademlia/cmd/kademlia/commands.go:54.11,55.25 1 1
github.com/viktorfrom/d7024e-kademlia/cmd/kademlia/commands.go:60.11,64.46 3 0
github.com/viktorfrom/d7024e-kademlia/cmd/kademlia/commands.go:65.14,66.41 1 0
github.com/viktorfrom/d7024e-kademlia/cmd/kademlia/commands.go:67.14,68.9 1 1
github.com/viktorfrom/d7024e-kademlia/cmd/kademlia/commands.go:69.11,70.9 1 1
github.com/viktorfrom/d7024e-kademlia/cmd/kademlia/commands.go:71.14,72.15 1 1
github.com/viktorfrom/d7024e-kademlia/cmd/kademlia/commands.go:73.11,74.15 1 1
github.com/viktorfrom/d7024e-kademlia/cmd/kademlia/commands.go:75.10,76.38 1 1
github.com/viktorfrom/d7024e-kademlia/cmd/kademlia/commands.go:31.25,33.4 1 0
github.com/viktorfrom/d7024e-kademlia/cmd/kademlia/commands.go:33.9,35.4 1 1
github.com/viktorfrom/d7024e-kademlia/cmd/kademlia/commands.go:37.25,39.4 1 0
github.com/viktorfrom/d7024e-kademlia/cmd/kademlia/commands.go:39.9,41.4 1 1
github.com/viktorfrom/d7024e-kademlia/cmd/kademlia/commands.go:43.25,45.4 1 0
github.com/viktorfrom/d7024e-kademlia/cmd/kademlia/commands.go:45.9,47.4 1 1
github.com/viktorfrom/d7024e-kademlia/cmd/kademlia/commands.go:49.25,51.4 1 0
github.com/viktorfrom/d7024e-kademlia/cmd/kademlia/commands.go:51.9,53.4 1 1
github.com/viktorfrom/d7024e-kademlia/cmd/kademlia/commands.go:55.25,57.4 1 0
github.com/viktorfrom/d7024e-kademlia/cmd/kademlia/commands.go:57.9,59.4 1 1
github.com/viktorfrom/d7024e-kademlia/cmd/kademlia/commands.go:80.44,82.2 1 0
github.com/viktorfrom/d7024e-kademlia/cmd/kademlia/commands.go:84.46,86.2 0 0
github.com/viktorfrom/d7024e-kademlia/cmd/kademlia/commands.go:88.43,91.2 2 0
github.com/viktorfrom/d7024e-kademlia/cmd/kademlia/commands.go:93.13,95.2 1 1
github.com/viktorfrom/d7024e-kademlia/cmd/kademlia/commands.go:97.29,99.16 2 1
github.com/viktorfrom/d7024e-kademlia/cmd/kademlia/commands.go:104.2,105.28 2 1
github.com/viktorfrom/d7024e-kademlia/cmd/kademlia/commands.go:99.16,101.3 1 1
github.com/viktorfrom/d7024e-kademlia/internal/kademlia/bucket.go:17.26,21.2 3 0
github.com/viktorfrom/d7024e-kademlia/internal/kademlia/bucket.go:25.51,27.55 2 0
github.com/viktorfrom/d7024e-kademlia/internal/kademlia/bucket.go:35.2,35.20 1 0
github.com/viktorfrom/d7024e-kademlia/internal/kademlia/bucket.go:27.55,30.34 2 0
github.com/viktorfrom/d7024e-kademlia/internal/kademlia/bucket.go:30.34,32.4 1 0
github.com/viktorfrom/d7024e-kademlia/internal/kademlia/bucket.go:35.20,36.37 1 0
github.com/viktorfrom/d7024e-kademlia/internal/kademlia/bucket.go:36.37,38.4 1 0
github.com/viktorfrom/d7024e-kademlia/internal/kademlia/bucket.go:39.8,41.3 1 0
github.com/viktorfrom/d7024e-kademlia/internal/kademlia/bucket.go:45.54,47.55 2 0
github.com/viktorfrom/d7024e-kademlia/internal/kademlia/bucket.go:55.2,55.20 1 0
github.com/viktorfrom/d7024e-kademlia/internal/kademlia/bucket.go:47.55,50.34 2 0
github.com/viktorfrom/d7024e-kademlia/internal/kademlia/bucket.go:50.34,52.4 1 0
github.com/viktorfrom/d7024e-kademlia/internal/kademlia/bucket.go:55.20,57.3 1 0
github.com/viktorfrom/d7024e-kademlia/internal/kademlia/bucket.go:60.54,61.55 1 0
github.com/viktorfrom/d7024e-kademlia/internal/kademlia/bucket.go:69.2,69.14 1 0
github.com/viktorfrom/d7024e-kademlia/internal/kademlia/bucket.go:61.55,64.34 2 0
github.com/viktorfrom/d7024e-kademlia/internal/kademlia/bucket.go:64.34,66.4 1 0
github.com/viktorfrom/d7024e-kademlia/internal/kademlia/bucket.go:74.43,77.2 2 0
github.com/viktorfrom/d7024e-kademlia/internal/kademlia/bucket.go:81.75,84.63 2 0
github.com/viktorfrom/d7024e-kademlia/internal/kademlia/bucket.go:90.2,90.17 1 0
github.com/viktorfrom/d7024e-kademlia/internal/kademlia/bucket.go:84.63,88.3 3 0
github.com/viktorfrom/d7024e-kademlia/internal/kademlia/bucket.go:94.33,96.2 1 0
github.com/viktorfrom/d7024e-kademlia/internal/kademlia/contact.go:17.53,19.2 1 0
github.com/viktorfrom/d7024e-kademlia/internal/kademlia/contact.go:23.54,25.2 1 0
github.com/viktorfrom/d7024e-kademlia/internal/kademlia/contact.go:28.58,30.2 1 0
github.com/viktorfrom/d7024e-kademlia/internal/kademlia/contact.go:33.41,35.2 1 0
github.com/viktorfrom/d7024e-kademlia/internal/kademlia/contact.go:44.65,46.2 1 0
github.com/viktorfrom/d7024e-kademlia/internal/kademlia/contact.go:49.71,51.37 1 0
github.com/viktorfrom/d7024e-kademlia/internal/kademlia/contact.go:51.37,52.40 1 0
github.com/viktorfrom/d7024e-kademlia/internal/kademlia/contact.go:52.40,54.4 1 0
github.com/viktorfrom/d7024e-kademlia/internal/kademlia/contact.go:59.71,61.2 1 0
github.com/viktorfrom/d7024e-kademlia/internal/kademlia/contact.go:64.45,66.2 1 0
github.com/viktorfrom/d7024e-kademlia/internal/kademlia/contact.go:69.48,71.2 1 0
github.com/viktorfrom/d7024e-kademlia/internal/kademlia/contact.go:75.53,77.2 1 0
github.com/viktorfrom/d7024e-kademlia/internal/kademlia/contact.go:81.58,83.2 1 0
github.com/viktorfrom/d7024e-kademlia/internal/kademlia/contact.go:86.63,87.46 1 0
github.com/viktorfrom/d7024e-kademlia/internal/kademlia/contact.go:92.2,92.14 1 0
github.com/viktorfrom/d7024e-kademlia/internal/kademlia/contact.go:87.46,88.30 1 0
github.com/viktorfrom/d7024e-kademlia/internal/kademlia/contact.go:88.30,90.4 1 0
github.com/viktorfrom/d7024e-kademlia/internal/kademlia/routingtable.go:11.48,13.34 2 0
github.com/viktorfrom/d7024e-kademlia/internal/kademlia/routingtable.go:16.2,17.21 2 0
github.com/viktorfrom/d7024e-kademlia/internal/kademlia/routingtable.go:13.34,15.3 1 0
github.com/viktorfrom/d7024e-kademlia/internal/kademlia/routingtable.go:21.63,25.2 3 0
github.com/viktorfrom/d7024e-kademlia/internal/kademlia/routingtable.go:28.66,32.2 3 0
github.com/viktorfrom/d7024e-kademlia/internal/kademlia/routingtable.go:35.92,42.98 5 0
github.com/viktorfrom/d7024e-kademlia/internal/kademlia/routingtable.go:53.2,55.30 2 0
github.com/viktorfrom/d7024e-kademlia/internal/kademlia/routingtable.go:59.2,59.38 1 0
github.com/viktorfrom/d7024e-kademlia/internal/kademlia/routingtable.go:42.98,43.25 1 0
github.com/viktorfrom/d7024e-kademlia/internal/kademlia/routingtable.go:47.3,47.33 1 0
github.com/viktorfrom/d7024e-kademlia/internal/kademlia/routingtable.go:43.25,46.4 2 0
github.com/viktorfrom/d7024e-kademlia/internal/kademlia/routingtable.go:47.33,50.4 2 0
github.com/viktorfrom/d7024e-kademlia/internal/kademlia/routingtable.go:55.30,57.3 1 0
github.com/viktorfrom/d7024e-kademlia/internal/kademlia/routingtable.go:63.66,65.32 2 0
github.com/viktorfrom/d7024e-kademlia/internal/kademlia/routingtable.go:73.2,73.23 1 0
github.com/viktorfrom/d7024e-kademlia/internal/kademlia/routingtable.go:65.32,66.26 1 0
github.com/viktorfrom/d7024e-kademlia/internal/kademlia/routingtable.go:66.26,67.42 1 0
github.com/viktorfrom/d7024e-kademlia/internal/kademlia/routingtable.go:67.42,69.5 1 0
github.com/viktorfrom/d7024e-kademlia/internal/kademlia/routingtable.go:76.52,78.2 1 0
github.com/viktorfrom/d7024e-kademlia/internal/kademlia/routingtable.go:80.53,82.2 1 0
github.com/viktorfrom/d7024e-kademlia/internal/kademlia/rpc.go:50.91,52.16 2 0
github.com/viktorfrom/d7024e-kademlia/internal/kademlia/rpc.go:56.2,62.21 5 0
github.com/viktorfrom/d7024e-kademlia/internal/kademlia/rpc.go:52.16,54.3 1 0
github.com/viktorfrom/d7024e-kademlia/internal/kademlia/rpc.go:65.41,66.35 1 0
github.com/viktorfrom/d7024e-kademlia/internal/kademlia/rpc.go:71.2,71.33 1 0
github.com/viktorfrom/d7024e-kademlia/internal/kademlia/rpc.go:66.35,67.21 1 0
github.com/viktorfrom/d7024e-kademlia/internal/kademlia/rpc.go:67.21,69.4 1 0
github.com/viktorfrom/d7024e-kademlia/internal/kademlia/rpc.go:75.42,80.2 3 0
github.com/viktorfrom/d7024e-kademlia/internal/kademlia/rpc.go:83.46,86.16 3 0
github.com/viktorfrom/d7024e-kademlia/internal/kademlia/rpc.go:90.2,90.18 1 0
github.com/viktorfrom/d7024e-kademlia/internal/kademlia/rpc.go:86.16,88.3 1 0
github.com/viktorfrom/d7024e-kademlia/internal/logger/logger.go:19.71,26.21 5 0
github.com/viktorfrom/d7024e-kademlia/internal/logger/logger.go:35.2,37.15 2 0
github.com/viktorfrom/d7024e-kademlia/internal/logger/logger.go:26.21,28.17 2 0
github.com/viktorfrom/d7024e-kademlia/internal/logger/logger.go:28.17,30.4 1 0
github.com/viktorfrom/d7024e-kademlia/internal/logger/logger.go:30.9,32.4 1 0
github.com/viktorfrom/d7024e-kademlia/internal/logger/logger.go:41.49,43.2 1 0
github.com/viktorfrom/d7024e-kademlia/internal/logger/logger.go:46.52,48.2 1 0
github.com/viktorfrom/d7024e-kademlia/internal/logger/logger.go:51.50,53.2 1 0
github.com/viktorfrom/d7024e-kademlia/cmd/kademlia/cli.go:17.48,21.6 3 0
github.com/viktorfrom/d7024e-kademlia/cmd/kademlia/cli.go:21.6,25.43 3 0
github.com/viktorfrom/d7024e-kademlia/cmd/kademlia/cli.go:25.43,26.12 1 0
github.com/viktorfrom/d7024e-kademlia/cmd/kademlia/cli.go:28.9,33.4 2 0
github.com/viktorfrom/d7024e-kademlia/cmd/kademlia/kademlia.go:13.13,19.2 4 0
github.com/viktorfrom/d7024e-kademlia/pkg/randarr/randarr.go:10.32,15.2 4 0
github.com/viktorfrom/d7024e-kademlia/pkg/randarr/randarr.go:18.36,22.2 3 0
github.com/viktorfrom/d7024e-kademlia/internal/kademlia/network.go:48.41,53.2 4 0
github.com/viktorfrom/d7024e-kademlia/internal/kademlia/network.go:56.45,58.16 2 0
github.com/viktorfrom/d7024e-kademlia/internal/kademlia/network.go:61.2,61.32 1 0
github.com/viktorfrom/d7024e-kademlia/internal/kademlia/network.go:69.2,69.11 1 0
github.com/viktorfrom/d7024e-kademlia/internal/kademlia/network.go:58.16,60.3 1 0
github.com/viktorfrom/d7024e-kademlia/internal/kademlia/network.go:61.32,63.70 1 0
github.com/viktorfrom/d7024e-kademlia/internal/kademlia/network.go:63.70,64.29 1 0
github.com/viktorfrom/d7024e-kademlia/internal/kademlia/network.go:64.29,66.5 1 0
github.com/viktorfrom/d7024e-kademlia/internal/kademlia/network.go:74.62,79.16 4 0
github.com/viktorfrom/d7024e-kademlia/internal/kademlia/network.go:83.2,86.16 3 0
github.com/viktorfrom/d7024e-kademlia/internal/kademlia/network.go:91.2,91.12 1 0
github.com/viktorfrom/d7024e-kademlia/internal/kademlia/network.go:79.16,82.3 2 0
github.com/viktorfrom/d7024e-kademlia/internal/kademlia/network.go:86.16,89.3 2 0
github.com/viktorfrom/d7024e-kademlia/internal/kademlia/network.go:94.60,97.6 2 0
github.com/viktorfrom/d7024e-kademlia/internal/kademlia/network.go:97.6,99.17 2 0
github.com/viktorfrom/d7024e-kademlia/internal/kademlia/network.go:106.3,107.17 2 0
github.com/viktorfrom/d7024e-kademlia/internal/kademlia/network.go:112.3,113.17 2 0
github.com/viktorfrom/d7024e-kademlia/internal/kademlia/network.go:117.3,119.37 2 0
github.com/viktorfrom/d7024e-kademlia/internal/kademlia/network.go:99.17,101.12 2 0
github.com/viktorfrom/d7024e-kademlia/internal/kademlia/network.go:102.9,102.28 1 0
github.com/viktorfrom/d7024e-kademlia/internal/kademlia/network.go:102.28,103.12 1 0
github.com/viktorfrom/d7024e-kademlia/internal/kademlia/network.go:107.17,109.12 2 0
github.com/viktorfrom/d7024e-kademlia/internal/kademlia/network.go:113.17,115.12 2 0
github.com/viktorfrom/d7024e-kademlia/internal/kademlia/network.go:123.88,126.19 3 0
github.com/viktorfrom/d7024e-kademlia/internal/kademlia/network.go:139.2,139.16 1 0
github.com/viktorfrom/d7024e-kademlia/internal/kademlia/network.go:144.2,148.20 4 0
github.com/viktorfrom/d7024e-kademlia/internal/kademlia/network.go:127.12,128.51 1 0
github.com/viktorfrom/d7024e-kademlia/internal/kademlia/network.go:129.13,130.52 1 0
github.com/viktorfrom/d7024e-kademlia/internal/kademlia/network.go:131.16,132.55 1 0
github.com/viktorfrom/d7024e-kademlia/internal/kademlia/network.go:133.17,134.56 1 0
github.com/viktorfrom/d7024e-kademlia/internal/kademlia/network.go:135.10,136.44 1 0
github.com/viktorfrom/d7024e-kademlia/internal/kademlia/network.go:139.16,142.3 2 0
github.com/viktorfrom/d7024e-kademlia/internal/kademlia/network.go:151.71,155.2 3 0
github.com/viktorfrom/d7024e-kademlia/internal/kademlia/network.go:157.71,158.16 1 0
github.com/viktorfrom/d7024e-kademlia/internal/kademlia/network.go:162.2,162.17 1 0
github.com/viktorfrom/d7024e-kademlia/internal/kademlia/network.go:158.16,160.3 1 0
github.com/viktorfrom/d7024e-kademlia/internal/kademlia/network.go:165.72,167.16 2 0
github.com/viktorfrom/d7024e-kademlia/internal/kademlia/network.go:171.2,173.32 3 0
github.com/viktorfrom/d7024e-kademlia/internal/kademlia/network.go:177.2,179.17 2 0
github.com/viktorfrom/d7024e-kademlia/internal/kademlia/network.go:167.16,169.3 1 0
github.com/viktorfrom/d7024e-kademlia/internal/kademlia/network.go:173.32,175.3 1 0
github.com/viktorfrom/d7024e-kademlia/internal/kademlia/network.go:182.75,184.16 2 0
github.com/viktorfrom/d7024e-kademlia/internal/kademlia/network.go:188.2,188.25 1 0
github.com/viktorfrom/d7024e-kademlia/internal/kademlia/network.go:192.2,200.17 7 0
github.com/viktorfrom/d7024e-kademlia/internal/kademlia/network.go:184.16,186.3 1 0
github.com/viktorfrom/d7024e-kademlia/internal/kademlia/network.go:188.25,190.3 1 0
github.com/viktorfrom/d7024e-kademlia/internal/kademlia/network.go:203.76,205.16 2 0
github.com/viktorfrom/d7024e-kademlia/internal/kademlia/network.go:210.2,210.25 1 0
github.com/viktorfrom/d7024e-kademlia/internal/kademlia/network.go:215.2,216.16 2 0
github.com/viktorfrom/d7024e-kademlia/internal/kademlia/network.go:221.2,223.18 2 0
github.com/viktorfrom/d7024e-kademlia/internal/kademlia/network.go:227.2,228.17 2 0
github.com/viktorfrom/d7024e-kademlia/internal/kademlia/network.go:205.16,208.3 2 0
github.com/viktorfrom/d7024e-kademlia/internal/kademlia/network.go:210.25,213.3 2 0
github.com/viktorfrom/d7024e-kademlia/internal/kademlia/network.go:216.16,219.3 2 0
github.com/viktorfrom/d7024e-kademlia/internal/kademlia/network.go:223.18,225.3 1 0
github.com/viktorfrom/d7024e-kademlia/internal/kademlia/network.go:231.127,232.40 1 0
github.com/viktorfrom/d7024e-kademlia/internal/kademlia/network.go:237.2,242.16 5 0
github.com/viktorfrom/d7024e-kademlia/internal/kademlia/network.go:247.2,248.16 2 0
github.com/viktorfrom/d7024e-kademlia/internal/kademlia/network.go:253.2,254.16 2 0
github.com/viktorfrom/d7024e-kademlia/internal/kademlia/network.go:258.2,264.16 5 0
github.com/viktorfrom/d7024e-kademlia/internal/kademlia/network.go:269.2,270.16 2 0
github.com/viktorfrom/d7024e-kademlia/internal/kademlia/network.go:275.2,275.20 1 0
github.com/viktorfrom/d7024e-kademlia/internal/kademlia/network.go:280.2,280.47 1 0
github.com/viktorfrom/d7024e-kademlia/internal/kademlia/network.go:285.2,286.16 2 0
github.com/viktorfrom/d7024e-kademlia/internal/kademlia/network.go:291.2,291.28 1 0
github.com/viktorfrom/d7024e-kademlia/internal/kademlia/network.go:296.2,296.19 1 0
github.com/viktorfrom/d7024e-kademlia/internal/kademlia/network.go:232.40,235.3 2 0
github.com/viktorfrom/d7024e-kademlia/internal/kademlia/network.go:242.16,245.3 2 0
github.com/viktorfrom/d7024e-kademlia/internal/kademlia/network.go:248.16,251.3 2 0
github.com/viktorfrom/d7024e-kademlia/internal/kademlia/network.go:254.16,257.3 2 0
github.com/viktorfrom/d7024e-kademlia/internal/kademlia/network.go:264.16,267.3 2 0
github.com/viktorfrom/d7024e-kademlia/internal/kademlia/network.go:270.16,273.3 2 0
github.com/viktorfrom/d7024e-kademlia/internal/kademlia/network.go:275.20,278.3 2 0
github.com/viktorfrom/d7024e-kademlia/internal/kademlia/network.go:280.47,283.3 2 0
github.com/viktorfrom/d7024e-kademlia/internal/kademlia/network.go:286.16,289.3 2 0
github.com/viktorfrom/d7024e-kademlia/internal/kademlia/network.go:291.28,294.3 2 0
github.com/viktorfrom/d7024e-kademlia/internal/kademlia/network.go:302.90,304.16 2 0
github.com/viktorfrom/d7024e-kademlia/internal/kademlia/network.go:309.2,313.17 4 0
github.com/viktorfrom/d7024e-kademlia/internal/kademlia/network.go:304.16,307.3 2 0
github.com/viktorfrom/d7024e-kademlia/internal/kademlia/network.go:319.106,321.16 2 0
github.com/viktorfrom/d7024e-kademlia/internal/kademlia/network.go:326.2,329.17 3 0
github.com/viktorfrom/d7024e-kademlia/internal/kademlia/network.go:321.16,324.3 2 0
github.com/viktorfrom/d7024e-kademlia/internal/kademlia/network.go:336.97,338.16 2 0
github.com/viktorfrom/d7024e-kademlia/internal/kademlia/network.go:343.2,347.17 4 0
github.com/viktorfrom/d7024e-kademlia/internal/kademlia/network.go:338.16,341.3 2 0
github.com/viktorfrom/d7024e-kademlia/internal/kademlia/network.go:352.117,354.16 2 0
github.com/viktorfrom/d7024e-kademlia/internal/kademlia/network.go:359.2,362.17 3 0
github.com/viktorfrom/d7024e-kademlia/internal/kademlia/network.go:354.16,357.3 2 0
github.com/viktorfrom/d7024e-kademlia/internal/kademlia/network.go:365.41,366.16 1 0
github.com/viktorfrom/d7024e-kademlia/internal/kademlia/network.go:370.2,370.24 1 0
github.com/viktorfrom/d7024e-kademlia/internal/kademlia/network.go:373.2,373.12 1 0
github.com/viktorfrom/d7024e-kademlia/internal/kademlia/network.go:366.16,368.3 1 0
github.com/viktorfrom/d7024e-kademlia/internal/kademlia/network.go:370.24,372.3 1 0
github.com/viktorfrom/d7024e-kademlia/internal/kademlia/network.go:376.64,377.37 1 0
github.com/viktorfrom/d7024e-kademlia/internal/kademlia/network.go:384.2,384.12 1 0
github.com/viktorfrom/d7024e-kademlia/internal/kademlia/network.go:377.37,379.3 1 0
github.com/viktorfrom/d7024e-kademlia/internal/kademlia/network.go:379.8,379.27 1 0
github.com/viktorfrom/d7024e-kademlia/internal/kademlia/network.go:379.27,381.3 1 0
github.com/viktorfrom/d7024e-kademlia/internal/kademlia/network.go:381.8,381.26 1 0
github.com/viktorfrom/d7024e-kademlia/internal/kademlia/network.go:381.26,383.3 1 0
github.com/viktorfrom/d7024e-kademlia/internal/kademlia/node.go:21.34,30.22 5 0
github.com/viktorfrom/d7024e-kademlia/internal/kademlia/node.go:37.2,43.22 5 0
github.com/viktorfrom/d7024e-kademlia/internal/kademlia/node.go:52.2,52.44 1 0
github.com/viktorfrom/d7024e-kademlia/internal/kademlia/node.go:30.22,32.3 1 0
github.com/viktorfrom/d7024e-kademlia/internal/kademlia/node.go:32.8,35.3 1 0
github.com/viktorfrom/d7024e-kademlia/internal/kademlia/node.go:43.22,50.3 3 0
github.com/viktorfrom/d7024e-kademlia/internal/kademlia/node.go:55.62,68.6 7 0
github.com/viktorfrom/d7024e-kademlia/internal/kademlia/node.go:120.2,120.27 1 0
github.com/viktorfrom/d7024e-kademlia/internal/kademlia/node.go:68.6,72.61 3 0
github.com/viktorfrom/d7024e-kademlia/internal/kademlia/node.go:115.3,115.56 1 0
github.com/viktorfrom/d7024e-kademlia/internal/kademlia/node.go:72.61,74.51 1 0
github.com/viktorfrom/d7024e-kademlia/internal/kademlia/node.go:74.51,75.13 1 0
github.com/viktorfrom/d7024e-kademlia/internal/kademlia/node.go:76.10,80.19 2 0
github.com/viktorfrom/d7024e-kademlia/internal/kademlia/node.go:87.5,94.52 4 0
github.com/viktorfrom/d7024e-kademlia/internal/kademlia/node.go:100.5,100.87 1 0
github.com/viktorfrom/d7024e-kademlia/internal/kademlia/node.go:111.5,111.16 1 0
github.com/viktorfrom/d7024e-kademlia/internal/kademlia/node.go:80.19,84.14 4 0
github.com/viktorfrom/d7024e-kademlia/internal/kademlia/node.go:94.52,96.6 1 0
github.com/viktorfrom/d7024e-kademlia/internal/kademlia/node.go:100.87,104.39 4 0
github.com/viktorfrom/d7024e-kademlia/internal/kademlia/node.go:108.6,108.26 1 0
github.com/viktorfrom/d7024e-kademlia/internal/kademlia/node.go:104.39,106.7 1 0
github.com/viktorfrom/d7024e-kademlia/internal/kademlia/node.go:115.56,116.9 1 0
github.com/viktorfrom/d7024e-kademlia/internal/kademlia/node.go:123.53,125.47 1 0
github.com/viktorfrom/d7024e-kademlia/internal/kademlia/node.go:197.2,197.26 1 0
github.com/viktorfrom/d7024e-kademlia/internal/kademlia/node.go:125.47,128.3 1 0
github.com/viktorfrom/d7024e-kademlia/internal/kademlia/node.go:128.8,139.7 6 0
github.com/viktorfrom/d7024e-kademlia/internal/kademlia/node.go:139.7,143.62 3 0
github.com/viktorfrom/d7024e-kademlia/internal/kademlia/node.go:191.4,191.57 1 0
github.com/viktorfrom/d7024e-kademlia/internal/kademlia/node.go:143.62,145.52 1 0
github.com/viktorfrom/d7024e-kademlia/internal/kademlia/node.go:145.52,146.14 1 0
github.com/viktorfrom/d7024e-kademlia/internal/kademlia/node.go:147.11,150.34 2 0
github.com/viktorfrom/d7024e-kademlia/internal/kademlia/node.go:155.6,155.20 1 0
github.com/viktorfrom/d7024e-kademlia/internal/kademlia/node.go:162.6,170.53 4 0
github.com/viktorfrom/d7024e-kademlia/internal/kademlia/node.go:176.6,176.55 1 0
github.com/viktorfrom/d7024e-kademlia/internal/kademlia/node.go:187.6,187.17 1 0
github.com/viktorfrom/d7024e-kademlia/internal/kademlia/node.go:150.34,152.7 1 0
github.com/viktorfrom/d7024e-kademlia/internal/kademlia/node.go:155.20,159.15 4 0
github.com/viktorfrom/d7024e-kademlia/internal/kademlia/node.go:170.53,172.7 1 0
github.com/viktorfrom/d7024e-kademlia/internal/kademlia/node.go:176.55,180.40 4 0
github.com/viktorfrom/d7024e-kademlia/internal/kademlia/node.go:184.7,184.27 1 0
github.com/viktorfrom/d7024e-kademlia/internal/kademlia/node.go:180.40,182.8 1 0
github.com/viktorfrom/d7024e-kademlia/internal/kademlia/node.go:191.57,192.10 1 0
github.com/viktorfrom/d7024e-kademlia/internal/kademlia/node.go:202.47,213.29 6 0
github.com/viktorfrom/d7024e-kademlia/internal/kademlia/node.go:213.29,216.17 2 0
github.com/viktorfrom/d7024e-kademlia/internal/kademlia/node.go:216.17,219.4 2 0
github.com/viktorfrom/d7024e-kademlia/internal/kademlia/node.go:219.9,223.4 2 0
github.com/viktorfrom/d7024e-kademlia/internal/kademlia/node.go:230.45,233.16 2 0
github.com/viktorfrom/d7024e-kademlia/internal/kademlia/node.go:233.16,236.3 2 0
github.com/viktorfrom/d7024e-kademlia/internal/kademlia/node.go:236.8,236.30 1 0
github.com/viktorfrom/d7024e-kademlia/internal/kademlia/node.go:236.30,238.3 1 0
github.com/viktorfrom/d7024e-kademlia/internal/kademlia/node.go:244.68,246.59 1 0
github.com/viktorfrom/d7024e-kademlia/internal/kademlia/node.go:246.59,248.3 1 0
github.com/viktorfrom/d7024e-kademlia/internal/kademlia/node.go:248.8,253.32 2 0
github.com/viktorfrom/d7024e-kademlia/internal/kademlia/node.go:253.32,255.4 1 0
github.com/viktorfrom/d7024e-kademlia/internal/kademlia/node.go:261.60,263.13 2 0
github.com/viktorfrom/d7024e-kademlia/internal/kademlia/node.go:266.2,266.15 1 0
github.com/viktorfrom/d7024e-kademlia/internal/kademlia/node.go:263.13,265.3 1 0
github.com/viktorfrom/d7024e-kademlia/internal/kademlia/node.go:270.68,283.32 8 0
github.com/viktorfrom/d7024e-kademlia/internal/kademlia/node.go:288.2,288.18 1 0
github.com/viktorfrom/d7024e-kademlia/internal/kademlia/node.go:283.32,286.3 2 0
github.com/viktorfrom/d7024e-kademlia/internal/kademlia/node.go:291.38,292.27 1 0
github.com/viktorfrom/d7024e-kademlia/internal/kademlia/node.go:292.27,296.3 3 0
github.com/viktorfrom/d7024e-kademlia/internal/kademlia/node.go:301.51,308.2 3 0
github.com/viktorfrom/d7024e-kademlia/internal/kademlia/node.go:310.66,312.2 1 0
github.com/viktorfrom/d7024e-kademlia/internal/kademlia/nodeid.go:16.37,20.32 3 0
github.com/viktorfrom/d7024e-kademlia/internal/kademlia/nodeid.go:24.2,24.19 1 0
github.com/viktorfrom/d7024e-kademlia/internal/kademlia/nodeid.go:20.32,22.3 1 0
github.com/viktorfrom/d7024e-kademlia/internal/kademlia/nodeid.go:29.32,32.32 3 0
github.com/viktorfrom/d7024e-kademlia/internal/kademlia/nodeid.go:35.2,35.19 1 0
github.com/viktorfrom/d7024e-kademlia/internal/kademlia/nodeid.go:32.32,34.3 1 0
github.com/viktorfrom/d7024e-kademlia/internal/kademlia/nodeid.go:39.53,40.32 1 0
github.com/viktorfrom/d7024e-kademlia/internal/kademlia/nodeid.go:45.2,45.14 1 0
github.com/viktorfrom/d7024e-kademlia/internal/kademlia/nodeid.go:40.32,41.34 1 0
github.com/viktorfrom/d7024e-kademlia/internal/kademlia/nodeid.go:41.34,43.4 1 0
github.com/viktorfrom/d7024e-kademlia/internal/kademlia/nodeid.go:49.55,50.32 1 0
github.com/viktorfrom/d7024e-kademlia/internal/kademlia/nodeid.go:55.2,55.13 1 0
github.com/viktorfrom/d7024e-kademlia/internal/kademlia/nodeid.go:50.32,51.34 1 0
github.com/viktorfrom/d7024e-kademlia/internal/kademlia/nodeid.go:51.34,53.4 1 0
github.com/viktorfrom/d7024e-kademlia/internal/kademlia/nodeid.go:60.59,62.32 2 0
github.com/viktorfrom/d7024e-kademlia/internal/kademlia/nodeid.go:65.2,65.16 1 0
github.com/viktorfrom/d7024e-kademlia/internal/kademlia/nodeid.go:62.32,64.3 1 0
github.com/viktorfrom/d7024e-kademlia/internal/kademlia/nodeid.go:69.39,71.2 1 0
github.com/viktorfrom/d7024e-kademlia/cmd/kademlia/cli.go:17.48,21.6 3 0
github.com/viktorfrom/d7024e-kademlia/cmd/kademlia/cli.go:21.6,25.43 3 0
github.com/viktorfrom/d7024e-kademlia/cmd/kademlia/cli.go:25.43,26.12 1 0
github.com/viktorfrom/d7024e-kademlia/cmd/kademlia/cli.go:28.9,33.4 2 0
github.com/viktorfrom/d7024e-kademlia/cmd/kademlia/kademlia.go:13.13,19.2 4 0
github.com/viktorfrom/d7024e-kademlia/internal/kademlia/bucket.go:17.26,21.2 3 1
github.com/viktorfrom/d7024e-kademlia/internal/kademlia/bucket.go:25.51,27.55 2 1
github.com/viktorfrom/d7024e-kademlia/internal/kademlia/bucket.go:35.2,35.20 1 1
github.com/viktorfrom/d7024e-kademlia/internal/kademlia/bucket.go:27.55,30.34 2 1
github.com/viktorfrom/d7024e-kademlia/internal/kademlia/bucket.go:30.34,32.4 1 1
github.com/viktorfrom/d7024e-kademlia/internal/kademlia/bucket.go:35.20,36.37 1 1
github.com/viktorfrom/d7024e-kademlia/internal/kademlia/bucket.go:36.37,38.4 1 1
github.com/viktorfrom/d7024e-kademlia/internal/kademlia/bucket.go:39.8,41.3 1 1
github.com/viktorfrom/d7024e-kademlia/internal/kademlia/bucket.go:45.54,47.55 2 1
github.com/viktorfrom/d7024e-kademlia/internal/kademlia/bucket.go:55.2,55.20 1 1
github.com/viktorfrom/d7024e-kademlia/internal/kademlia/bucket.go:47.55,50.34 2 1
github.com/viktorfrom/d7024e-kademlia/internal/kademlia/bucket.go:50.34,52.4 1 1
github.com/viktorfrom/d7024e-kademlia/internal/kademlia/bucket.go:55.20,57.3 1 1
github.com/viktorfrom/d7024e-kademlia/internal/kademlia/bucket.go:60.54,61.55 1 0
github.com/viktorfrom/d7024e-kademlia/internal/kademlia/bucket.go:69.2,69.14 1 0
github.com/viktorfrom/d7024e-kademlia/internal/kademlia/bucket.go:61.55,64.34 2 0
github.com/viktorfrom/d7024e-kademlia/internal/kademlia/bucket.go:64.34,66.4 1 0
github.com/viktorfrom/d7024e-kademlia/internal/kademlia/bucket.go:74.43,77.2 2 0
github.com/viktorfrom/d7024e-kademlia/internal/kademlia/bucket.go:81.75,84.63 2 1
github.com/viktorfrom/d7024e-kademlia/internal/kademlia/bucket.go:90.2,90.17 1 1
github.com/viktorfrom/d7024e-kademlia/internal/kademlia/bucket.go:84.63,88.3 3 1
github.com/viktorfrom/d7024e-kademlia/internal/kademlia/bucket.go:94.33,96.2 1 1
github.com/viktorfrom/d7024e-kademlia/internal/kademlia/contact.go:17.53,19.2 1 1
github.com/viktorfrom/d7024e-kademlia/internal/kademlia/contact.go:23.54,25.2 1 1
github.com/viktorfrom/d7024e-kademlia/internal/kademlia/contact.go:28.58,30.2 1 1
github.com/viktorfrom/d7024e-kademlia/internal/kademlia/contact.go:33.41,35.2 1 1
github.com/viktorfrom/d7024e-kademlia/internal/kademlia/contact.go:44.65,46.2 1 1
github.com/viktorfrom/d7024e-kademlia/internal/kademlia/contact.go:49.71,51.37 1 0
github.com/viktorfrom/d7024e-kademlia/internal/kademlia/contact.go:51.37,52.40 1 0
github.com/viktorfrom/d7024e-kademlia/internal/kademlia/contact.go:52.40,54.4 1 0
github.com/viktorfrom/d7024e-kademlia/internal/kademlia/contact.go:59.71,61.2 1 1
github.com/viktorfrom/d7024e-kademlia/internal/kademlia/contact.go:64.45,66.2 1 1
github.com/viktorfrom/d7024e-kademlia/internal/kademlia/contact.go:69.48,71.2 1 1
github.com/viktorfrom/d7024e-kademlia/internal/kademlia/contact.go:75.53,77.2 1 1
github.com/viktorfrom/d7024e-kademlia/internal/kademlia/contact.go:81.58,83.2 1 1
github.com/viktorfrom/d7024e-kademlia/internal/kademlia/contact.go:86.63,87.46 1 0
github.com/viktorfrom/d7024e-kademlia/internal/kademlia/contact.go:92.2,92.14 1 0
github.com/viktorfrom/d7024e-kademlia/internal/kademlia/contact.go:87.46,88.30 1 0
github.com/viktorfrom/d7024e-kademlia/internal/kademlia/contact.go:88.30,90.4 1 0
github.com/viktorfrom/d7024e-kademlia/internal/kademlia/network.go:48.41,53.2 4 1
github.com/viktorfrom/d7024e-kademlia/internal/kademlia/network.go:56.45,58.16 2 1
github.com/viktorfrom/d7024e-kademlia/internal/kademlia/network.go:61.2,61.32 1 1
github.com/viktorfrom/d7024e-kademlia/internal/kademlia/network.go:69.2,69.11 1 0
github.com/viktorfrom/d7024e-kademlia/internal/kademlia/network.go:58.16,60.3 1 0
github.com/viktorfrom/d7024e-kademlia/internal/kademlia/network.go:61.32,63.70 1 1
github.com/viktorfrom/d7024e-kademlia/internal/kademlia/network.go:63.70,64.29 1 1
github.com/viktorfrom/d7024e-kademlia/internal/kademlia/network.go:64.29,66.5 1 1
github.com/viktorfrom/d7024e-kademlia/internal/kademlia/network.go:74.62,79.16 4 1
github.com/viktorfrom/d7024e-kademlia/internal/kademlia/network.go:83.2,86.16 3 0
github.com/viktorfrom/d7024e-kademlia/internal/kademlia/network.go:91.2,91.12 1 0
github.com/viktorfrom/d7024e-kademlia/internal/kademlia/network.go:79.16,82.3 2 1
github.com/viktorfrom/d7024e-kademlia/internal/kademlia/network.go:86.16,89.3 2 0
github.com/viktorfrom/d7024e-kademlia/internal/kademlia/network.go:94.60,97.6 2 0
github.com/viktorfrom/d7024e-kademlia/internal/kademlia/network.go:97.6,99.17 2 0
github.com/viktorfrom/d7024e-kademlia/internal/kademlia/network.go:106.3,107.17 2 0
github.com/viktorfrom/d7024e-kademlia/internal/kademlia/network.go:112.3,113.17 2 0
github.com/viktorfrom/d7024e-kademlia/internal/kademlia/network.go:117.3,119.37 2 0
github.com/viktorfrom/d7024e-kademlia/internal/kademlia/network.go:99.17,101.12 2 0
github.com/viktorfrom/d7024e-kademlia/internal/kademlia/network.go:102.9,102.28 1 0
github.com/viktorfrom/d7024e-kademlia/internal/kademlia/network.go:102.28,103.12 1 0
github.com/viktorfrom/d7024e-kademlia/internal/kademlia/network.go:107.17,109.12 2 0
github.com/viktorfrom/d7024e-kademlia/internal/kademlia/network.go:113.17,115.12 2 0
github.com/viktorfrom/d7024e-kademlia/internal/kademlia/network.go:123.88,126.19 3 1
github.com/viktorfrom/d7024e-kademlia/internal/kademlia/network.go:139.2,139.16 1 1
github.com/viktorfrom/d7024e-kademlia/internal/kademlia/network.go:144.2,148.20 4 1
github.com/viktorfrom/d7024e-kademlia/internal/kademlia/network.go:127.12,128.51 1 1
github.com/viktorfrom/d7024e-kademlia/internal/kademlia/network.go:129.13,130.52 1 1
github.com/viktorfrom/d7024e-kademlia/internal/kademlia/network.go:131.16,132.55 1 1
github.com/viktorfrom/d7024e-kademlia/internal/kademlia/network.go:133.17,134.56 1 1
github.com/viktorfrom/d7024e-kademlia/internal/kademlia/network.go:135.10,136.44 1 1
github.com/viktorfrom/d7024e-kademlia/internal/kademlia/network.go:139.16,142.3 2 1
github.com/viktorfrom/d7024e-kademlia/internal/kademlia/network.go:151.71,155.2 3 1
github.com/viktorfrom/d7024e-kademlia/internal/kademlia/network.go:157.71,158.16 1 1
github.com/viktorfrom/d7024e-kademlia/internal/kademlia/network.go:162.2,162.17 1 1
github.com/viktorfrom/d7024e-kademlia/internal/kademlia/network.go:158.16,160.3 1 1
github.com/viktorfrom/d7024e-kademlia/internal/kademlia/network.go:165.72,167.16 2 1
github.com/viktorfrom/d7024e-kademlia/internal/kademlia/network.go:171.2,173.32 3 1
github.com/viktorfrom/d7024e-kademlia/internal/kademlia/network.go:177.2,179.17 2 1
github.com/viktorfrom/d7024e-kademlia/internal/kademlia/network.go:167.16,169.3 1 1
github.com/viktorfrom/d7024e-kademlia/internal/kademlia/network.go:173.32,175.3 1 1
github.com/viktorfrom/d7024e-kademlia/internal/kademlia/network.go:182.75,184.16 2 1
github.com/viktorfrom/d7024e-kademlia/internal/kademlia/network.go:188.2,188.25 1 1
github.com/viktorfrom/d7024e-kademlia/internal/kademlia/network.go:192.2,200.17 7 1
github.com/viktorfrom/d7024e-kademlia/internal/kademlia/network.go:184.16,186.3 1 1
github.com/viktorfrom/d7024e-kademlia/internal/kademlia/network.go:188.25,190.3 1 1
github.com/viktorfrom/d7024e-kademlia/internal/kademlia/network.go:203.76,205.16 2 1
github.com/viktorfrom/d7024e-kademlia/internal/kademlia/network.go:210.2,210.25 1 1
github.com/viktorfrom/d7024e-kademlia/internal/kademlia/network.go:215.2,216.16 2 1
github.com/viktorfrom/d7024e-kademlia/internal/kademlia/network.go:221.2,223.18 2 1
github.com/viktorfrom/d7024e-kademlia/internal/kademlia/network.go:227.2,228.17 2 1
github.com/viktorfrom/d7024e-kademlia/internal/kademlia/network.go:205.16,208.3 2 1
github.com/viktorfrom/d7024e-kademlia/internal/kademlia/network.go:210.25,213.3 2 1
github.com/viktorfrom/d7024e-kademlia/internal/kademlia/network.go:216.16,219.3 2 1
github.com/viktorfrom/d7024e-kademlia/internal/kademlia/network.go:223.18,225.3 1 1
github.com/viktorfrom/d7024e-kademlia/internal/kademlia/network.go:231.127,232.40 1 1
github.com/viktorfrom/d7024e-kademlia/internal/kademlia/network.go:237.2,242.16 5 1
github.com/viktorfrom/d7024e-kademlia/internal/kademlia/network.go:247.2,248.16 2 1
github.com/viktorfrom/d7024e-kademlia/internal/kademlia/network.go:253.2,254.16 2 1
github.com/viktorfrom/d7024e-kademlia/internal/kademlia/network.go:258.2,264.16 5 1
github.com/viktorfrom/d7024e-kademlia/internal/kademlia/network.go:269.2,270.16 2 0
github.com/viktorfrom/d7024e-kademlia/internal/kademlia/network.go:275.2,275.20 1 0
github.com/viktorfrom/d7024e-kademlia/internal/kademlia/network.go:280.2,280.47 1 0
github.com/viktorfrom/d7024e-kademlia/internal/kademlia/network.go:285.2,286.16 2 0
github.com/viktorfrom/d7024e-kademlia/internal/kademlia/network.go:291.2,291.28 1 0
github.com/viktorfrom/d7024e-kademlia/internal/kademlia/network.go:296.2,296.19 1 0
github.com/viktorfrom/d7024e-kademlia/internal/kademlia/network.go:232.40,235.3 2 0
github.com/viktorfrom/d7024e-kademlia/internal/kademlia/network.go:242.16,245.3 2 0
github.com/viktorfrom/d7024e-kademlia/internal/kademlia/network.go:248.16,251.3 2 0
github.com/viktorfrom/d7024e-kademlia/internal/kademlia/network.go:254.16,257.3 2 0
github.com/viktorfrom/d7024e-kademlia/internal/kademlia/network.go:264.16,267.3 2 1
github.com/viktorfrom/d7024e-kademlia/internal/kademlia/network.go:270.16,273.3 2 0
github.com/viktorfrom/d7024e-kademlia/internal/kademlia/network.go:275.20,278.3 2 0
github.com/viktorfrom/d7024e-kademlia/internal/kademlia/network.go:280.47,283.3 2 0
github.com/viktorfrom/d7024e-kademlia/internal/kademlia/network.go:286.16,289.3 2 0
github.com/viktorfrom/d7024e-kademlia/internal/kademlia/network.go:291.28,294.3 2 0
github.com/viktorfrom/d7024e-kademlia/internal/kademlia/network.go:302.90,304.16 2 1
github.com/viktorfrom/d7024e-kademlia/internal/kademlia/network.go:309.2,313.17 4 0
github.com/viktorfrom/d7024e-kademlia/internal/kademlia/network.go:304.16,307.3 2 1
github.com/viktorfrom/d7024e-kademlia/internal/kademlia/network.go:319.106,321.16 2 1
github.com/viktorfrom/d7024e-kademlia/internal/kademlia/network.go:326.2,329.17 3 0
github.com/viktorfrom/d7024e-kademlia/internal/kademlia/network.go:321.16,324.3 2 1
github.com/viktorfrom/d7024e-kademlia/internal/kademlia/network.go:336.97,338.16 2 1
github.com/viktorfrom/d7024e-kademlia/internal/kademlia/network.go:343.2,347.17 4 0
github.com/viktorfrom/d7024e-kademlia/internal/kademlia/network.go:338.16,341.3 2 1
github.com/viktorfrom/d7024e-kademlia/internal/kademlia/network.go:352.117,354.16 2 1
github.com/viktorfrom/d7024e-kademlia/internal/kademlia/network.go:359.2,362.17 3 0
github.com/viktorfrom/d7024e-kademlia/internal/kademlia/network.go:354.16,357.3 2 1
github.com/viktorfrom/d7024e-kademlia/internal/kademlia/network.go:365.41,366.16 1 1
github.com/viktorfrom/d7024e-kademlia/internal/kademlia/network.go:370.2,370.24 1 1
github.com/viktorfrom/d7024e-kademlia/internal/kademlia/network.go:373.2,373.12 1 1
github.com/viktorfrom/d7024e-kademlia/internal/kademlia/network.go:366.16,368.3 1 1
github.com/viktorfrom/d7024e-kademlia/internal/kademlia/network.go:370.24,372.3 1 1
github.com/viktorfrom/d7024e-kademlia/internal/kademlia/network.go:376.64,377.37 1 1
github.com/viktorfrom/d7024e-kademlia/internal/kademlia/network.go:384.2,384.12 1 0
github.com/viktorfrom/d7024e-kademlia/internal/kademlia/network.go:377.37,379.3 1 1
github.com/viktorfrom/d7024e-kademlia/internal/kademlia/network.go:379.8,379.27 1 1
github.com/viktorfrom/d7024e-kademlia/internal/kademlia/network.go:379.27,381.3 1 1
github.com/viktorfrom/d7024e-kademlia/internal/kademlia/network.go:381.8,381.26 1 1
github.com/viktorfrom/d7024e-kademlia/internal/kademlia/network.go:381.26,383.3 1 1
github.com/viktorfrom/d7024e-kademlia/internal/kademlia/rpc.go:50.91,52.16 2 1
github.com/viktorfrom/d7024e-kademlia/internal/kademlia/rpc.go:56.2,62.21 5 1
github.com/viktorfrom/d7024e-kademlia/internal/kademlia/rpc.go:52.16,54.3 1 1
github.com/viktorfrom/d7024e-kademlia/internal/kademlia/rpc.go:65.41,66.35 1 1
github.com/viktorfrom/d7024e-kademlia/internal/kademlia/rpc.go:71.2,71.33 1 1
github.com/viktorfrom/d7024e-kademlia/internal/kademlia/rpc.go:66.35,67.21 1 1
github.com/viktorfrom/d7024e-kademlia/internal/kademlia/rpc.go:67.21,69.4 1 1
github.com/viktorfrom/d7024e-kademlia/internal/kademlia/rpc.go:75.42,80.2 3 1
github.com/viktorfrom/d7024e-kademlia/internal/kademlia/rpc.go:83.46,86.16 3 1
github.com/viktorfrom/d7024e-kademlia/internal/kademlia/rpc.go:90.2,90.18 1 1
github.com/viktorfrom/d7024e-kademlia/internal/kademlia/rpc.go:86.16,88.3 1 1
github.com/viktorfrom/d7024e-kademlia/pkg/randarr/randarr.go:10.32,15.2 4 1
github.com/viktorfrom/d7024e-kademlia/pkg/randarr/randarr.go:18.36,22.2 3 1
github.com/viktorfrom/d7024e-kademlia/cmd/kademlia/commands.go:27.73,29.21 1 0
github.com/viktorfrom/d7024e-kademlia/cmd/kademlia/commands.go:30.13,31.25 1 0
github.com/viktorfrom/d7024e-kademlia/cmd/kademlia/commands.go:36.11,37.25 1 0
github.com/viktorfrom/d7024e-kademlia/cmd/kademlia/commands.go:42.14,43.25 1 0
github.com/viktorfrom/d7024e-kademlia/cmd/kademlia/commands.go:48.13,49.25 1 0
github.com/viktorfrom/d7024e-kademlia/cmd/kademlia/commands.go:54.11,55.25 1 0
github.com/viktorfrom/d7024e-kademlia/cmd/kademlia/commands.go:60.11,64.46 3 0
github.com/viktorfrom/d7024e-kademlia/cmd/kademlia/commands.go:65.14,66.41 1 0
github.com/viktorfrom/d7024e-kademlia/cmd/kademlia/commands.go:67.14,68.9 1 0
github.com/viktorfrom/d7024e-kademlia/cmd/kademlia/commands.go:69.11,70.9 1 0
github.com/viktorfrom/d7024e-kademlia/cmd/kademlia/commands.go:71.14,72.15 1 0
github.com/viktorfrom/d7024e-kademlia/cmd/kademlia/commands.go:73.11,74.15 1 0
github.com/viktorfrom/d7024e-kademlia/cmd/kademlia/commands.go:75.10,76.38 1 0
github.com/viktorfrom/d7024e-kademlia/cmd/kademlia/commands.go:31.25,33.4 1 0
github.com/viktorfrom/d7024e-kademlia/cmd/kademlia/commands.go:33.9,35.4 1 0
github.com/viktorfrom/d7024e-kademlia/cmd/kademlia/commands.go:37.25,39.4 1 0
github.com/viktorfrom/d7024e-kademlia/cmd/kademlia/commands.go:39.9,41.4 1 0
github.com/viktorfrom/d7024e-kademlia/cmd/kademlia/commands.go:43.25,45.4 1 0
github.com/viktorfrom/d7024e-kademlia/cmd/kademlia/commands.go:45.9,47.4 1 0
github.com/viktorfrom/d7024e-kademlia/cmd/kademlia/commands.go:49.25,51.4 1 0
github.com/viktorfrom/d7024e-kademlia/cmd/kademlia/commands.go:51.9,53.4 1 0
github.com/viktorfrom/d7024e-kademlia/cmd/kademlia/commands.go:55.25,57.4 1 0
github.com/viktorfrom/d7024e-kademlia/cmd/kademlia/commands.go:57.9,59.4 1 0
github.com/viktorfrom/d7024e-kademlia/cmd/kademlia/commands.go:80.44,82.2 1 0
github.com/viktorfrom/d7024e-kademlia/cmd/kademlia/commands.go:84.46,86.2 0 0
github.com/viktorfrom/d7024e-kademlia/cmd/kademlia/commands.go:88.43,91.2 2 0
github.com/viktorfrom/d7024e-kademlia/cmd/kademlia/commands.go:93.13,95.2 1 0
github.com/viktorfrom/d7024e-kademlia/cmd/kademlia/commands.go:97.29,99.16 2 0
github.com/viktorfrom/d7024e-kademlia/cmd/kademlia/commands.go:104.2,105.28 2 0
github.com/viktorfrom/d7024e-kademlia/cmd/kademlia/commands.go:99.16,101.3 1 0
github.com/viktorfrom/d7024e-kademlia/internal/logger/logger.go:19.71,26.21 5 0
github.com/viktorfrom/d7024e-kademlia/internal/logger/logger.go:35.2,37.15 2 0
github.com/viktorfrom/d7024e-kademlia/internal/logger/logger.go:26.21,28.17 2 0
github.com/viktorfrom/d7024e-kademlia/internal/logger/logger.go:28.17,30.4 1 0
github.com/viktorfrom/d7024e-kademlia/internal/logger/logger.go:30.9,32.4 1 0
github.com/viktorfrom/d7024e-kademlia/internal/logger/logger.go:41.49,43.2 1 0
github.com/viktorfrom/d7024e-kademlia/internal/logger/logger.go:46.52,48.2 1 0
github.com/viktorfrom/d7024e-kademlia/internal/logger/logger.go:51.50,53.2 1 0
github.com/viktorfrom/d7024e-kademlia/internal/kademlia/node.go:21.34,30.22 5 0
github.com/viktorfrom/d7024e-kademlia/internal/kademlia/node.go:37.2,43.22 5 0
github.com/viktorfrom/d7024e-kademlia/internal/kademlia/node.go:52.2,52.44 1 0
github.com/viktorfrom/d7024e-kademlia/internal/kademlia/node.go:30.22,32.3 1 0
github.com/viktorfrom/d7024e-kademlia/internal/kademlia/node.go:32.8,35.3 1 0
github.com/viktorfrom/d7024e-kademlia/internal/kademlia/node.go:43.22,50.3 3 0
github.com/viktorfrom/d7024e-kademlia/internal/kademlia/node.go:55.62,68.6 7 0
github.com/viktorfrom/d7024e-kademlia/internal/kademlia/node.go:120.2,120.27 1 0
github.com/viktorfrom/d7024e-kademlia/internal/kademlia/node.go:68.6,72.61 3 0
github.com/viktorfrom/d7024e-kademlia/internal/kademlia/node.go:115.3,115.56 1 0
github.com/viktorfrom/d7024e-kademlia/internal/kademlia/node.go:72.61,74.51 1 0
github.com/viktorfrom/d7024e-kademlia/internal/kademlia/node.go:74.51,75.13 1 0
github.com/viktorfrom/d7024e-kademlia/internal/kademlia/node.go:76.10,80.19 2 0
github.com/viktorfrom/d7024e-kademlia/internal/kademlia/node.go:87.5,94.52 4 0
github.com/viktorfrom/d7024e-kademlia/internal/kademlia/node.go:100.5,100.87 1 0
github.com/viktorfrom/d7024e-kademlia/internal/kademlia/node.go:111.5,111.16 1 0
github.com/viktorfrom/d7024e-kademlia/internal/kademlia/node.go:80.19,84.14 4 0
github.com/viktorfrom/d7024e-kademlia/internal/kademlia/node.go:94.52,96.6 1 0
github.com/viktorfrom/d7024e-kademlia/internal/kademlia/node.go:100.87,104.39 4 0
github.com/viktorfrom/d7024e-kademlia/internal/kademlia/node.go:108.6,108.26 1 0
github.com/viktorfrom/d7024e-kademlia/internal/kademlia/node.go:104.39,106.7 1 0
github.com/viktorfrom/d7024e-kademlia/internal/kademlia/node.go:115.56,116.9 1 0
github.com/viktorfrom/d7024e-kademlia/internal/kademlia/node.go:123.53,125.47 1 0
github.com/viktorfrom/d7024e-kademlia/internal/kademlia/node.go:197.2,197.26 1 0
github.com/viktorfrom/d7024e-kademlia/internal/kademlia/node.go:125.47,128.3 1 0
github.com/viktorfrom/d7024e-kademlia/internal/kademlia/node.go:128.8,139.7 6 0
github.com/viktorfrom/d7024e-kademlia/internal/kademlia/node.go:139.7,143.62 3 0
github.com/viktorfrom/d7024e-kademlia/internal/kademlia/node.go:191.4,191.57 1 0
github.com/viktorfrom/d7024e-kademlia/internal/kademlia/node.go:143.62,145.52 1 0
github.com/viktorfrom/d7024e-kademlia/internal/kademlia/node.go:145.52,146.14 1 0
github.com/viktorfrom/d7024e-kademlia/internal/kademlia/node.go:147.11,150.34 2 0
github.com/viktorfrom/d7024e-kademlia/internal/kademlia/node.go:155.6,155.20 1 0
github.com/viktorfrom/d7024e-kademlia/internal/kademlia/node.go:162.6,170.53 4 0
github.com/viktorfrom/d7024e-kademlia/internal/kademlia/node.go:176.6,176.55 1 0
github.com/viktorfrom/d7024e-kademlia/internal/kademlia/node.go:187.6,187.17 1 0
github.com/viktorfrom/d7024e-kademlia/internal/kademlia/node.go:150.34,152.7 1 0
github.com/viktorfrom/d7024e-kademlia/internal/kademlia/node.go:155.20,159.15 4 0
github.com/viktorfrom/d7024e-kademlia/internal/kademlia/node.go:170.53,172.7 1 0
github.com/viktorfrom/d7024e-kademlia/internal/kademlia/node.go:176.55,180.40 4 0
github.com/viktorfrom/d7024e-kademlia/internal/kademlia/node.go:184.7,184.27 1 0
github.com/viktorfrom/d7024e-kademlia/internal/kademlia/node.go:180.40,182.8 1 0
github.com/viktorfrom/d7024e-kademlia/internal/kademlia/node.go:191.57,192.10 1 0
github.com/viktorfrom/d7024e-kademlia/internal/kademlia/node.go:202.47,213.29 6 0
github.com/viktorfrom/d7024e-kademlia/internal/kademlia/node.go:213.29,216.17 2 0
github.com/viktorfrom/d7024e-kademlia/internal/kademlia/node.go:216.17,219.4 2 0
github.com/viktorfrom/d7024e-kademlia/internal/kademlia/node.go:219.9,223.4 2 0
github.com/viktorfrom/d7024e-kademlia/internal/kademlia/node.go:230.45,233.16 2 0
github.com/viktorfrom/d7024e-kademlia/internal/kademlia/node.go:233.16,236.3 2 0
github.com/viktorfrom/d7024e-kademlia/internal/kademlia/node.go:236.8,236.30 1 0
github.com/viktorfrom/d7024e-kademlia/internal/kademlia/node.go:236.30,238.3 1 0
github.com/viktorfrom/d7024e-kademlia/internal/kademlia/node.go:244.68,246.59 1 0
github.com/viktorfrom/d7024e-kademlia/internal/kademlia/node.go:246.59,248.3 1 0
github.com/viktorfrom/d7024e-kademlia/internal/kademlia/node.go:248.8,253.32 2 0
github.com/viktorfrom/d7024e-kademlia/internal/kademlia/node.go:253.32,255.4 1 0
github.com/viktorfrom/d7024e-kademlia/internal/kademlia/node.go:261.60,263.13 2 1
github.com/viktorfrom/d7024e-kademlia/internal/kademlia/node.go:266.2,266.15 1 1
github.com/viktorfrom/d7024e-kademlia/internal/kademlia/node.go:263.13,265.3 1 1
github.com/viktorfrom/d7024e-kademlia/internal/kademlia/node.go:270.68,283.32 8 1
github.com/viktorfrom/d7024e-kademlia/internal/kademlia/node.go:288.2,288.18 1 1
github.com/viktorfrom/d7024e-kademlia/internal/kademlia/node.go:283.32,286.3 2 1
github.com/viktorfrom/d7024e-kademlia/internal/kademlia/node.go:291.38,292.27 1 0
github.com/viktorfrom/d7024e-kademlia/internal/kademlia/node.go:292.27,296.3 3 0
github.com/viktorfrom/d7024e-kademlia/internal/kademlia/node.go:301.51,308.2 3 0
github.com/viktorfrom/d7024e-kademlia/internal/kademlia/node.go:310.66,312.2 1 1
github.com/viktorfrom/d7024e-kademlia/internal/kademlia/nodeid.go:16.37,20.32 3 1
github.com/viktorfrom/d7024e-kademlia/internal/kademlia/nodeid.go:24.2,24.19 1 1
github.com/viktorfrom/d7024e-kademlia/internal/kademlia/nodeid.go:20.32,22.3 1 1
github.com/viktorfrom/d7024e-kademlia/internal/kademlia/nodeid.go:29.32,32.32 3 1
github.com/viktorfrom/d7024e-kademlia/internal/kademlia/nodeid.go:35.2,35.19 1 1
github.com/viktorfrom/d7024e-kademlia/internal/kademlia/nodeid.go:32.32,34.3 1 1
github.com/viktorfrom/d7024e-kademlia/internal/kademlia/nodeid.go:39.53,40.32 1 1
github.com/viktorfrom/d7024e-kademlia/internal/kademlia/nodeid.go:45.2,45.14 1 1
github.com/viktorfrom/d7024e-kademlia/internal/kademlia/nodeid.go:40.32,41.34 1 1
github.com/viktorfrom/d7024e-kademlia/internal/kademlia/nodeid.go:41.34,43.4 1 1
github.com/viktorfrom/d7024e-kademlia/internal/kademlia/nodeid.go:49.55,50.32 1 1
github.com/viktorfrom/d7024e-kademlia/internal/kademlia/nodeid.go:55.2,55.13 1 1
github.com/viktorfrom/d7024e-kademlia/internal/kademlia/nodeid.go:50.32,51.34 1 1
github.com/viktorfrom/d7024e-kademlia/internal/kademlia/nodeid.go:51.34,53.4 1 1
github.com/viktorfrom/d7024e-kademlia/internal/kademlia/nodeid.go:60.59,62.32 2 1
github.com/viktorfrom/d7024e-kademlia/internal/kademlia/nodeid.go:65.2,65.16 1 1
github.com/viktorfrom/d7024e-kademlia/internal/kademlia/nodeid.go:62.32,64.3 1 1
github.com/viktorfrom/d7024e-kademlia/internal/kademlia/nodeid.go:69.39,71.2 1 1
github.com/viktorfrom/d7024e-kademlia/internal/kademlia/routingtable.go:11.48,13.34 2 1
github.com/viktorfrom/d7024e-kademlia/internal/kademlia/routingtable.go:16.2,17.21 2 1
github.com/viktorfrom/d7024e-kademlia/internal/kademlia/routingtable.go:13.34,15.3 1 1
github.com/viktorfrom/d7024e-kademlia/internal/kademlia/routingtable.go:21.63,25.2 3 1
github.com/viktorfrom/d7024e-kademlia/internal/kademlia/routingtable.go:28.66,32.2 3 1
github.com/viktorfrom/d7024e-kademlia/internal/kademlia/routingtable.go:35.92,42.98 5 1
github.com/viktorfrom/d7024e-kademlia/internal/kademlia/routingtable.go:53.2,55.30 2 1
github.com/viktorfrom/d7024e-kademlia/internal/kademlia/routingtable.go:59.2,59.38 1 1
github.com/viktorfrom/d7024e-kademlia/internal/kademlia/routingtable.go:42.98,43.25 1 1
github.com/viktorfrom/d7024e-kademlia/internal/kademlia/routingtable.go:47.3,47.33 1 1
github.com/viktorfrom/d7024e-kademlia/internal/kademlia/routingtable.go:43.25,46.4 2 1
github.com/viktorfrom/d7024e-kademlia/internal/kademlia/routingtable.go:47.33,50.4 2 1
github.com/viktorfrom/d7024e-kademlia/internal/kademlia/routingtable.go:55.30,57.3 1 1
github.com/viktorfrom/d7024e-kademlia/internal/kademlia/routingtable.go:63.66,65.32 2 1
github.com/viktorfrom/d7024e-kademlia/internal/kademlia/routingtable.go:73.2,73.23 1 1
github.com/viktorfrom/d7024e-kademlia/internal/kademlia/routingtable.go:65.32,66.26 1 1
github.com/viktorfrom/d7024e-kademlia/internal/kademlia/routingtable.go:66.26,67.42 1 1
github.com/viktorfrom/d7024e-kademlia/internal/kademlia/routingtable.go:67.42,69.5 1 1
github.com/viktorfrom/d7024e-kademlia/internal/kademlia/routingtable.go:76.52,78.2 1 1
github.com/viktorfrom/d7024e-kademlia/internal/kademlia/routingtable.go:80.53,82.2 1 1
github.com/viktorfrom/d7024e-kademlia/internal/kademlia/contact.go:17.53,19.2 1 0
github.com/viktorfrom/d7024e-kademlia/internal/kademlia/contact.go:23.54,25.2 1 0
github.com/viktorfrom/d7024e-kademlia/internal/kademlia/contact.go:28.58,30.2 1 0
github.com/viktorfrom/d7024e-kademlia/internal/kademlia/contact.go:33.41,35.2 1 0
github.com/viktorfrom/d7024e-kademlia/internal/kademlia/contact.go:44.65,46.2 1 0
github.com/viktorfrom/d7024e-kademlia/internal/kademlia/contact.go:49.71,51.37 1 0
github.com/viktorfrom/d7024e-kademlia/internal/kademlia/contact.go:51.37,52.40 1 0
github.com/viktorfrom/d7024e-kademlia/internal/kademlia/contact.go:52.40,54.4 1 0
github.com/viktorfrom/d7024e-kademlia/internal/kademlia/contact.go:59.71,61.2 1 0
github.com/viktorfrom/d7024e-kademlia/internal/kademlia/contact.go:64.45,66.2 1 0
github.com/viktorfrom/d7024e-kademlia/internal/kademlia/contact.go:69.48,71.2 1 0
github.com/viktorfrom/d7024e-kademlia/internal/kademlia/contact.go:75.53,77.2 1 0
github.com/viktorfrom/d7024e-kademlia/internal/kademlia/contact.go:81.58,83.2 1 0
github.com/viktorfrom/d7024e-kademlia/internal/kademlia/contact.go:86.63,87.46 1 0
github.com/viktorfrom/d7024e-kademlia/internal/kademlia/contact.go:92.2,92.14 1 0
github.com/viktorfrom/d7024e-kademlia/internal/kademlia/contact.go:87.46,88.30 1 0
github.com/viktorfrom/d7024e-kademlia/internal/kademlia/contact.go:88.30,90.4 1 0
github.com/viktorfrom/d7024e-kademlia/internal/kademlia/node.go:21.34,30.22 5 0
github.com/viktorfrom/d7024e-kademlia/internal/kademlia/node.go:37.2,43.22 5 0
github.com/viktorfrom/d7024e-kademlia/internal/kademlia/node.go:52.2,52.44 1 0
github.com/viktorfrom/d7024e-kademlia/internal/kademlia/node.go:30.22,32.3 1 0
github.com/viktorfrom/d7024e-kademlia/internal/kademlia/node.go:32.8,35.3 1 0
github.com/viktorfrom/d7024e-kademlia/internal/kademlia/node.go:43.22,50.3 3 0
github.com/viktorfrom/d7024e-kademlia/internal/kademlia/node.go:55.62,68.6 7 0
github.com/viktorfrom/d7024e-kademlia/internal/kademlia/node.go:120.2,120.27 1 0
github.com/viktorfrom/d7024e-kademlia/internal/kademlia/node.go:68.6,72.61 3 0
github.com/viktorfrom/d7024e-kademlia/internal/kademlia/node.go:115.3,115.56 1 0
github.com/viktorfrom/d7024e-kademlia/internal/kademlia/node.go:72.61,74.51 1 0
github.com/viktorfrom/d7024e-kademlia/internal/kademlia/node.go:74.51,75.13 1 0
github.com/viktorfrom/d7024e-kademlia/internal/kademlia/node.go:76.10,80.19 2 0
github.com/viktorfrom/d7024e-kademlia/internal/kademlia/node.go:87.5,94.52 4 0
github.com/viktorfrom/d7024e-kademlia/internal/kademlia/node.go:100.5,100.87 1 0
github.com/viktorfrom/d7024e-kademlia/internal/kademlia/node.go:111.5,111.16 1 0
github.com/viktorfrom/d7024e-kademlia/internal/kademlia/node.go:80.19,84.14 4 0
github.com/viktorfrom/d7024e-kademlia/internal/kademlia/node.go:94.52,96.6 1 0
github.com/viktorfrom/d7024e-kademlia/internal/kademlia/node.go:100.87,104.39 4 0
github.com/viktorfrom/d7024e-kademlia/internal/kademlia/node.go:108.6,108.26 1 0
github.com/viktorfrom/d7024e-kademlia/internal/kademlia/node.go:104.39,106.7 1 0
github.com/viktorfrom/d7024e-kademlia/internal/kademlia/node.go:115.56,116.9 1 0
github.com/viktorfrom/d7024e-kademlia/internal/kademlia/node.go:123.53,125.47 1 0
github.com/viktorfrom/d7024e-kademlia/internal/kademlia/node.go:197.2,197.26 1 0
github.com/viktorfrom/d7024e-kademlia/internal/kademlia/node.go:125.47,128.3 1 0
github.com/viktorfrom/d7024e-kademlia/internal/kademlia/node.go:128.8,139.7 6 0
github.com/viktorfrom/d7024e-kademlia/internal/kademlia/node.go:139.7,143.62 3 0
github.com/viktorfrom/d7024e-kademlia/internal/kademlia/node.go:191.4,191.57 1 0
github.com/viktorfrom/d7024e-kademlia/internal/kademlia/node.go:143.62,145.52 1 0
github.com/viktorfrom/d7024e-kademlia/internal/kademlia/node.go:145.52,146.14 1 0
github.com/viktorfrom/d7024e-kademlia/internal/kademlia/node.go:147.11,150.34 2 0
github.com/viktorfrom/d7024e-kademlia/internal/kademlia/node.go:155.6,155.20 1 0
github.com/viktorfrom/d7024e-kademlia/internal/kademlia/node.go:162.6,170.53 4 0
github.com/viktorfrom/d7024e-kademlia/internal/kademlia/node.go:176.6,176.55 1 0
github.com/viktorfrom/d7024e-kademlia/internal/kademlia/node.go:187.6,187.17 1 0
github.com/viktorfrom/d7024e-kademlia/internal/kademlia/node.go:150.34,152.7 1 0
github.com/viktorfrom/d7024e-kademlia/internal/kademlia/node.go:155.20,159.15 4 0
github.com/viktorfrom/d7024e-kademlia/internal/kademlia/node.go:170.53,172.7 1 0
github.com/viktorfrom/d7024e-kademlia/internal/kademlia/node.go:176.55,180.40 4 0
github.com/viktorfrom/d7024e-kademlia/internal/kademlia/node.go:184.7,184.27 1 0
github.com/viktorfrom/d7024e-kademlia/internal/kademlia/node.go:180.40,182.8 1 0
github.com/viktorfrom/d7024e-kademlia/internal/kademlia/node.go:191.57,192.10 1 0
github.com/viktorfrom/d7024e-kademlia/internal/kademlia/node.go:202.47,213.29 6 0
github.com/viktorfrom/d7024e-kademlia/internal/kademlia/node.go:213.29,216.17 2 0
github.com/viktorfrom/d7024e-kademlia/internal/kademlia/node.go:216.17,219.4 2 0
github.com/viktorfrom/d7024e-kademlia/internal/kademlia/node.go:219.9,223.4 2 0
github.com/viktorfrom/d7024e-kademlia/internal/kademlia/node.go:230.45,233.16 2 0
github.com/viktorfrom/d7024e-kademlia/internal/kademlia/node.go:233.16,236.3 2 0
github.com/viktorfrom/d7024e-kademlia/internal/kademlia/node.go:236.8,236.30 1 0
github.com/viktorfrom/d7024e-kademlia/internal/kademlia/node.go:236.30,238.3 1 0
github.com/viktorfrom/d7024e-kademlia/internal/kademlia/node.go:244.68,246.59 1 0
github.com/viktorfrom/d7024e-kademlia/internal/kademlia/node.go:246.59,248.3 1 0
github.com/viktorfrom/d7024e-kademlia/internal/kademlia/node.go:248.8,253.32 2 0
github.com/viktorfrom/d7024e-kademlia/internal/kademlia/node.go:253.32,255.4 1 0
github.com/viktorfrom/d7024e-kademlia/internal/kademlia/node.go:261.60,263.13 2 0
github.com/viktorfrom/d7024e-kademlia/internal/kademlia/node.go:266.2,266.15 1 0
github.com/viktorfrom/d7024e-kademlia/internal/kademlia/node.go:263.13,265.3 1 0
github.com/viktorfrom/d7024e-kademlia/internal/kademlia/node.go:270.68,283.32 8 0
github.com/viktorfrom/d7024e-kademlia/internal/kademlia/node.go:288.2,288.18 1 0
github.com/viktorfrom/d7024e-kademlia/internal/kademlia/node.go:283.32,286.3 2 0
github.com/viktorfrom/d7024e-kademlia/internal/kademlia/node.go:291.38,292.27 1 0
github.com/viktorfrom/d7024e-kademlia/internal/kademlia/node.go:292.27,296.3 3 0
github.com/viktorfrom/d7024e-kademlia/internal/kademlia/node.go:301.51,308.2 3 0
github.com/viktorfrom/d7024e-kademlia/internal/kademlia/node.go:310.66,312.2 1 0
github.com/viktorfrom/d7024e-kademlia/cmd/kademlia/commands.go:27.73,29.21 1 0
github.com/viktorfrom/d7024e-kademlia/cmd/kademlia/commands.go:30.13,31.25 1 0
github.com/viktorfrom/d7024e-kademlia/cmd/kademlia/commands.go:36.11,37.25 1 0
github.com/viktorfrom/d7024e-kademlia/cmd/kademlia/commands.go:42.14,43.25 1 0
github.com/viktorfrom/d7024e-kademlia/cmd/kademlia/commands.go:48.13,49.25 1 0
github.com/viktorfrom/d7024e-kademlia/cmd/kademlia/commands.go:54.11,55.25 1 0
github.com/viktorfrom/d7024e-kademlia/cmd/kademlia/commands.go:60.11,64.46 3 0
github.com/viktorfrom/d7024e-kademlia/cmd/kademlia/commands.go:65.14,66.41 1 0
github.com/viktorfrom/d7024e-kademlia/cmd/kademlia/commands.go:67.14,68.9 1 0
github.com/viktorfrom/d7024e-kademlia/cmd/kademlia/commands.go:69.11,70.9 1 0
github.com/viktorfrom/d7024e-kademlia/cmd/kademlia/commands.go:71.14,72.15 1 0
github.com/viktorfrom/d7024e-kademlia/cmd/kademlia/commands.go:73.11,74.15 1 0
github.com/viktorfrom/d7024e-kademlia/cmd/kademlia/commands.go:75.10,76.38 1 0
github.com/viktorfrom/d7024e-kademlia/cmd/kademlia/commands.go:31.25,33.4 1 0
github.com/viktorfrom/d7024e-kademlia/cmd/kademlia/commands.go:33.9,35.4 1 0
github.com/viktorfrom/d7024e-kademlia/cmd/kademlia/commands.go:37.25,39.4 1 0
github.com/viktorfrom/d7024e-kademlia/cmd/kademlia/commands.go:39.9,41.4 1 0
github.com/viktorfrom/d7024e-kademlia/cmd/kademlia/commands.go:43.25,45.4 1 0
github.com/viktorfrom/d7024e-kademlia/cmd/kademlia/commands.go:45.9,47.4 1 0
github.com/viktorfrom/d7024e-kademlia/cmd/kademlia/commands.go:49.25,51.4 1 0
github.com/viktorfrom/d7024e-kademlia/cmd/kademlia/commands.go:51.9,53.4 1 0
github.com/viktorfrom/d7024e-kademlia/cmd/kademlia/commands.go:55.25,57.4 1 0
github.com/viktorfrom/d7024e-kademlia/cmd/kademlia/commands.go:57.9,59.4 1 0
github.com/viktorfrom/d7024e-kademlia/cmd/kademlia/commands.go:80.44,82.2 1 0
github.com/viktorfrom/d7024e-kademlia/cmd/kademlia/commands.go:84.46,86.2 0 0
github.com/viktorfrom/d7024e-kademlia/cmd/kademlia/commands.go:88.43,91.2 2 0
github.com/viktorfrom/d7024e-kademlia/cmd/kademlia/commands.go:93.13,95.2 1 0
github.com/viktorfrom/d7024e-kademlia/cmd/kademlia/commands.go:97.29,99.16 2 0
github.com/viktorfrom/d7024e-kademlia/cmd/kademlia/commands.go:104.2,105.28 2 0
github.com/viktorfrom/d7024e-kademlia/cmd/kademlia/commands.go:99.16,101.3 1 0
github.com/viktorfrom/d7024e-kademlia/pkg/randarr/randarr.go:10.32,15.2 4 0
github.com/viktorfrom/d7024e-kademlia/pkg/randarr/randarr.go:18.36,22.2 3 0
github.com/viktorfrom/d7024e-kademlia/internal/kademlia/network.go:48.41,53.2 4 0
github.com/viktorfrom/d7024e-kademlia/internal/kademlia/network.go:56.45,58.16 2 0
github.com/viktorfrom/d7024e-kademlia/internal/kademlia/network.go:61.2,61.32 1 0
github.com/viktorfrom/d7024e-kademlia/internal/kademlia/network.go:69.2,69.11 1 0
github.com/viktorfrom/d7024e-kademlia/internal/kademlia/network.go:58.16,60.3 1 0
github.com/viktorfrom/d7024e-kademlia/internal/kademlia/network.go:61.32,63.70 1 0
github.com/viktorfrom/d7024e-kademlia/internal/kademlia/network.go:63.70,64.29 1 0
github.com/viktorfrom/d7024e-kademlia/internal/kademlia/network.go:64.29,66.5 1 0
github.com/viktorfrom/d7024e-kademlia/internal/kademlia/network.go:74.62,79.16 4 0
github.com/viktorfrom/d7024e-kademlia/internal/kademlia/network.go:83.2,86.16 3 0
github.com/viktorfrom/d7024e-kademlia/internal/kademlia/network.go:91.2,91.12 1 0
github.com/viktorfrom/d7024e-kademlia/internal/kademlia/network.go:79.16,82.3 2 0
github.com/viktorfrom/d7024e-kademlia/internal/kademlia/network.go:86.16,89.3 2 0
github.com/viktorfrom/d7024e-kademlia/internal/kademlia/network.go:94.60,97.6 2 0
github.com/viktorfrom/d7024e-kademlia/internal/kademlia/network.go:97.6,99.17 2 0
github.com/viktorfrom/d7024e-kademlia/internal/kademlia/network.go:106.3,107.17 2 0
github.com/viktorfrom/d7024e-kademlia/internal/kademlia/network.go:112.3,113.17 2 0
github.com/viktorfrom/d7024e-kademlia/internal/kademlia/network.go:117.3,119.37 2 0
github.com/viktorfrom/d7024e-kademlia/internal/kademlia/network.go:99.17,101.12 2 0
github.com/viktorfrom/d7024e-kademlia/internal/kademlia/network.go:102.9,102.28 1 0
github.com/viktorfrom/d7024e-kademlia/internal/kademlia/network.go:102.28,103.12 1 0
github.com/viktorfrom/d7024e-kademlia/internal/kademlia/network.go:107.17,109.12 2 0
github.com/viktorfrom/d7024e-kademlia/internal/kademlia/network.go:113.17,115.12 2 0
github.com/viktorfrom/d7024e-kademlia/internal/kademlia/network.go:123.88,126.19 3 0
github.com/viktorfrom/d7024e-kademlia/internal/kademlia/network.go:139.2,139.16 1 0
github.com/viktorfrom/d7024e-kademlia/internal/kademlia/network.go:144.2,148.20 4 0
github.com/viktorfrom/d7024e-kademlia/internal/kademlia/network.go:127.12,128.51 1 0
github.com/viktorfrom/d7024e-kademlia/internal/kademlia/network.go:129.13,130.52 1 0
github.com/viktorfrom/d7024e-kademlia/internal/kademlia/network.go:131.16,132.55 1 0
github.com/viktorfrom/d7024e-kademlia/internal/kademlia/network.go:133.17,134.56 1 0
github.com/viktorfrom/d7024e-kademlia/internal/kademlia/network.go:135.10,136.44 1 0
github.com/viktorfrom/d7024e-kademlia/internal/kademlia/network.go:139.16,142.3 2 0
github.com/viktorfrom/d7024e-kademlia/internal/kademlia/network.go:151.71,155.2 3 0
github.com/viktorfrom/d7024e-kademlia/internal/kademlia/network.go:157.71,158.16 1 0
github.com/viktorfrom/d7024e-kademlia/internal/kademlia/network.go:162.2,162.17 1 0
github.com/viktorfrom/d7024e-kademlia/internal/kademlia/network.go:158.16,160.3 1 0
github.com/viktorfrom/d7024e-kademlia/internal/kademlia/network.go:165.72,167.16 2 0
github.com/viktorfrom/d7024e-kademlia/internal/kademlia/network.go:171.2,173.32 3 0
github.com/viktorfrom/d7024e-kademlia/internal/kademlia/network.go:177.2,179.17 2 0
github.com/viktorfrom/d7024e-kademlia/internal/kademlia/network.go:167.16,169.3 1 0
github.com/viktorfrom/d7024e-kademlia/internal/kademlia/network.go:173.32,175.3 1 0
github.com/viktorfrom/d7024e-kademlia/internal/kademlia/network.go:182.75,184.16 2 0
github.com/viktorfrom/d7024e-kademlia/internal/kademlia/network.go:188.2,188.25 1 0
github.com/viktorfrom/d7024e-kademlia/internal/kademlia/network.go:192.2,200.17 7 0
github.com/viktorfrom/d7024e-kademlia/internal/kademlia/network.go:184.16,186.3 1 0
github.com/viktorfrom/d7024e-kademlia/internal/kademlia/network.go:188.25,190.3 1 0
github.com/viktorfrom/d7024e-kademlia/internal/kademlia/network.go:203.76,205.16 2 0
github.com/viktorfrom/d7024e-kademlia/internal/kademlia/network.go:210.2,210.25 1 0
github.com/viktorfrom/d7024e-kademlia/internal/kademlia/network.go:215.2,216.16 2 0
github.com/viktorfrom/d7024e-kademlia/internal/kademlia/network.go:221.2,223.18 2 0
github.com/viktorfrom/d7024e-kademlia/internal/kademlia/network.go:227.2,228.17 2 0
github.com/viktorfrom/d7024e-kademlia/internal/kademlia/network.go:205.16,208.3 2 0
github.com/viktorfrom/d7024e-kademlia/internal/kademlia/network.go:210.25,213.3 2 0
github.com/viktorfrom/d7024e-kademlia/internal/kademlia/network.go:216.16,219.3 2 0
github.com/viktorfrom/d7024e-kademlia/internal/kademlia/network.go:223.18,225.3 1 0
github.com/viktorfrom/d7024e-kademlia/internal/kademlia/network.go:231.127,232.40 1 0
github.com/viktorfrom/d7024e-kademlia/internal/kademlia/network.go:237.2,242.16 5 0
github.com/viktorfrom/d7024e-kademlia/internal/kademlia/network.go:247.2,248.16 2 0
github.com/viktorfrom/d7024e-kademlia/internal/kademlia/network.go:253.2,254.16 2 0
github.com/viktorfrom/d7024e-kademlia/internal/kademlia/network.go:258.2,264.16 5 0
github.com/viktorfrom/d7024e-kademlia/internal/kademlia/network.go:269.2,270.16 2 0
github.com/viktorfrom/d7024e-kademlia/internal/kademlia/network.go:275.2,275.20 1 0
github.com/viktorfrom/d7024e-kademlia/internal/kademlia/network.go:280.2,280.47 1 0
github.com/viktorfrom/d7024e-kademlia/internal/kademlia/network.go:285.2,286.16 2 0
github.com/viktorfrom/d7024e-kademlia/internal/kademlia/network.go:291.2,291.28 1 0
github.com/viktorfrom/d7024e-kademlia/internal/kademlia/network.go:296.2,296.19 1 0
github.com/viktorfrom/d7024e-kademlia/internal/kademlia/network.go:232.40,235.3 2 0
github.com/viktorfrom/d7024e-kademlia/internal/kademlia/network.go:242.16,245.3 2 0
github.com/viktorfrom/d7024e-kademlia/internal/kademlia/network.go:248.16,251.3 2 0
github.com/viktorfrom/d7024e-kademlia/internal/kademlia/network.go:254.16,257.3 2 0
github.com/viktorfrom/d7024e-kademlia/internal/kademlia/network.go:264.16,267.3 2 0
github.com/viktorfrom/d7024e-kademlia/internal/kademlia/network.go:270.16,273.3 2 0
github.com/viktorfrom/d7024e-kademlia/internal/kademlia/network.go:275.20,278.3 2 0
github.com/viktorfrom/d7024e-kademlia/internal/kademlia/network.go:280.47,283.3 2 0
github.com/viktorfrom/d7024e-kademlia/internal/kademlia/network.go:286.16,289.3 2 0
github.com/viktorfrom/d7024e-kademlia/internal/kademlia/network.go:291.28,294.3 2 0
github.com/viktorfrom/d7024e-kademlia/internal/kademlia/network.go:302.90,304.16 2 0
github.com/viktorfrom/d7024e-kademlia/internal/kademlia/network.go:309.2,313.17 4 0
github.com/viktorfrom/d7024e-kademlia/internal/kademlia/network.go:304.16,307.3 2 0
github.com/viktorfrom/d7024e-kademlia/internal/kademlia/network.go:319.106,321.16 2 0
github.com/viktorfrom/d7024e-kademlia/internal/kademlia/network.go:326.2,329.17 3 0
github.com/viktorfrom/d7024e-kademlia/internal/kademlia/network.go:321.16,324.3 2 0
github.com/viktorfrom/d7024e-kademlia/internal/kademlia/network.go:336.97,338.16 2 0
github.com/viktorfrom/d7024e-kademlia/internal/kademlia/network.go:343.2,347.17 4 0
github.com/viktorfrom/d7024e-kademlia/internal/kademlia/network.go:338.16,341.3 2 0
github.com/viktorfrom/d7024e-kademlia/internal/kademlia/network.go:352.117,354.16 2 0
github.com/viktorfrom/d7024e-kademlia/internal/kademlia/network.go:359.2,362.17 3 0
github.com/viktorfrom/d7024e-kademlia/internal/kademlia/network.go:354.16,357.3 2 0
github.com/viktorfrom/d7024e-kademlia/internal/kademlia/network.go:365.41,366.16 1 0
github.com/viktorfrom/d7024e-kademlia/internal/kademlia/network.go:370.2,370.24 1 0
github.com/viktorfrom/d7024e-kademlia/internal/kademlia/network.go:373.2,373.12 1 0
github.com/viktorfrom/d7024e-kademlia/internal/kademlia/network.go:366.16,368.3 1 0
github.com/viktorfrom/d7024e-kademlia/internal/kademlia/network.go:370.24,372.3 1 0
github.com/viktorfrom/d7024e-kademlia/internal/kademlia/network.go:376.64,377.37 1 0
github.com/viktorfrom/d7024e-kademlia/internal/kademlia/network.go:384.2,384.12 1 0
github.com/viktorfrom/d7024e-kademlia/internal/kademlia/network.go:377.37,379.3 1 0
github.com/viktorfrom/d7024e-kademlia/internal/kademlia/network.go:379.8,379.27 1 0
github.com/viktorfrom/d7024e-kademlia/internal/kademlia/network.go:379.27,381.3 1 0
github.com/viktorfrom/d7024e-kademlia/internal/kademlia/network.go:381.8,381.26 1 0
github.com/viktorfrom/d7024e-kademlia/internal/kademlia/network.go:381.26,383.3 1 0
github.com/viktorfrom/d7024e-kademlia/internal/kademlia/nodeid.go:16.37,20.32 3 0
github.com/viktorfrom/d7024e-kademlia/internal/kademlia/nodeid.go:24.2,24.19 1 0
github.com/viktorfrom/d7024e-kademlia/internal/kademlia/nodeid.go:20.32,22.3 1 0
github.com/viktorfrom/d7024e-kademlia/internal/kademlia/nodeid.go:29.32,32.32 3 0
github.com/viktorfrom/d7024e-kademlia/internal/kademlia/nodeid.go:35.2,35.19 1 0
github.com/viktorfrom/d7024e-kademlia/internal/kademlia/nodeid.go:32.32,34.3 1 0
github.com/viktorfrom/d7024e-kademlia/internal/kademlia/nodeid.go:39.53,40.32 1 0
github.com/viktorfrom/d7024e-kademlia/internal/kademlia/nodeid.go:45.2,45.14 1 0
github.com/viktorfrom/d7024e-kademlia/internal/kademlia/nodeid.go:40.32,41.34 1 0
github.com/viktorfrom/d7024e-kademlia/internal/kademlia/nodeid.go:41.34,43.4 1 0
github.com/viktorfrom/d7024e-kademlia/internal/kademlia/nodeid.go:49.55,50.32 1 0
github.com/viktorfrom/d7024e-kademlia/internal/kademlia/nodeid.go:55.2,55.13 1 0
github.com/viktorfrom/d7024e-kademlia/internal/kademlia/nodeid.go:50.32,51.34 1 0
github.com/viktorfrom/d7024e-kademlia/internal/kademlia/nodeid.go:51.34,53.4 1 0
github.com/viktorfrom/d7024e-kademlia/internal/kademlia/nodeid.go:60.59,62.32 2 0
github.com/viktorfrom/d7024e-kademlia/internal/kademlia/nodeid.go:65.2,65.16 1 0
github.com/viktorfrom/d7024e-kademlia/internal/kademlia/nodeid.go:62.32,64.3 1 0
github.com/viktorfrom/d7024e-kademlia/internal/kademlia/nodeid.go:69.39,71.2 1 0
github.com/viktorfrom/d7024e-kademlia/internal/kademlia/routingtable.go:11.48,13.34 2 0
github.com/viktorfrom/d7024e-kademlia/internal/kademlia/routingtable.go:16.2,17.21 2 0
github.com/viktorfrom/d7024e-kademlia/internal/kademlia/routingtable.go:13.34,15.3 1 0
github.com/viktorfrom/d7024e-kademlia/internal/kademlia/routingtable.go:21.63,25.2 3 0
github.com/viktorfrom/d7024e-kademlia/internal/kademlia/routingtable.go:28.66,32.2 3 0
github.com/viktorfrom/d7024e-kademlia/internal/kademlia/routingtable.go:35.92,42.98 5 0
github.com/viktorfrom/d7024e-kademlia/internal/kademlia/routingtable.go:53.2,55.30 2 0
github.com/viktorfrom/d7024e-kademlia/internal/kademlia/routingtable.go:59.2,59.38 1 0
github.com/viktorfrom/d7024e-kademlia/internal/kademlia/routingtable.go:42.98,43.25 1 0
github.com/viktorfrom/d7024e-kademlia/internal/kademlia/routingtable.go:47.3,47.33 1 0
github.com/viktorfrom/d7024e-kademlia/internal/kademlia/routingtable.go:43.25,46.4 2 0
github.com/viktorfrom/d7024e-kademlia/internal/kademlia/routingtable.go:47.33,50.4 2 0
github.com/viktorfrom/d7024e-kademlia/internal/kademlia/routingtable.go:55.30,57.3 1 0
github.com/viktorfrom/d7024e-kademlia/internal/kademlia/routingtable.go:63.66,65.32 2 0
github.com/viktorfrom/d7024e-kademlia/internal/kademlia/routingtable.go:73.2,73.23 1 0
github.com/viktorfrom/d7024e-kademlia/internal/kademlia/routingtable.go:65.32,66.26 1 0
github.com/viktorfrom/d7024e-kademlia/internal/kademlia/routingtable.go:66.26,67.42 1 0
github.com/viktorfrom/d7024e-kademlia/internal/kademlia/routingtable.go:67.42,69.5 1 0
github.com/viktorfrom/d7024e-kademlia/internal/kademlia/routingtable.go:76.52,78.2 1 0
github.com/viktorfrom/d7024e-kademlia/internal/kademlia/routingtable.go:80.53,82.2 1 0
github.com/viktorfrom/d7024e-kademlia/internal/kademlia/rpc.go:50.91,52.16 2 0
github.com/viktorfrom/d7024e-kademlia/internal/kademlia/rpc.go:56.2,62.21 5 0
github.com/viktorfrom/d7024e-kademlia/internal/kademlia/rpc.go:52.16,54.3 1 0
github.com/viktorfrom/d7024e-kademlia/internal/kademlia/rpc.go:65.41,66.35 1 0
github.com/viktorfrom/d7024e-kademlia/internal/kademlia/rpc.go:71.2,71.33 1 0
github.com/viktorfrom/d7024e-kademlia/internal/kademlia/rpc.go:66.35,67.21 1 0
github.com/viktorfrom/d7024e-kademlia/internal/kademlia/rpc.go:67.21,69.4 1 0
github.com/viktorfrom/d7024e-kademlia/internal/kademlia/rpc.go:75.42,80.2 3 0
github.com/viktorfrom/d7024e-kademlia/internal/kademlia/rpc.go:83.46,86.16 3 0
github.com/viktorfrom/d7024e-kademlia/internal/kademlia/rpc.go:90.2,90.18 1 0
github.com/viktorfrom/d7024e-kademlia/internal/kademlia/rpc.go:86.16,88.3 1 0
github.com/viktorfrom/d7024e-kademlia/cmd/kademlia/cli.go:17.48,21.6 3 0
github.com/viktorfrom/d7024e-kademlia/cmd/kademlia/cli.go:21.6,25.43 3 0
github.com/viktorfrom/d7024e-kademlia/cmd/kademlia/cli.go:25.43,26.12 1 0
github.com/viktorfrom/d7024e-kademlia/cmd/kademlia/cli.go:28.9,33.4 2 0
github.com/viktorfrom/d7024e-kademlia/cmd/kademlia/kademlia.go:13.13,19.2 4 0
github.com/viktorfrom/d7024e-kademlia/internal/logger/logger.go:19.71,26.21 5 1
github.com/viktorfrom/d7024e-kademlia/internal/logger/logger.go:35.2,37.15 2 1
github.com/viktorfrom/d7024e-kademlia/internal/logger/logger.go:26.21,28.17 2 1
github.com/viktorfrom/d7024e-kademlia/internal/logger/logger.go:28.17,30.4 1 1
github.com/viktorfrom/d7024e-kademlia/internal/logger/logger.go:30.9,32.4 1 1
github.com/viktorfrom/d7024e-kademlia/internal/logger/logger.go:41.49,43.2 1 1
github.com/viktorfrom/d7024e-kademlia/internal/logger/logger.go:46.52,48.2 1 1
github.com/viktorfrom/d7024e-kademlia/internal/logger/logger.go:51.50,53.2 1 1
github.com/viktorfrom/d7024e-kademlia/internal/kademlia/bucket.go:17.26,21.2 3 0
github.com/viktorfrom/d7024e-kademlia/internal/kademlia/bucket.go:25.51,27.55 2 0
github.com/viktorfrom/d7024e-kademlia/internal/kademlia/bucket.go:35.2,35.20 1 0
github.com/viktorfrom/d7024e-kademlia/internal/kademlia/bucket.go:27.55,30.34 2 0
github.com/viktorfrom/d7024e-kademlia/internal/kademlia/bucket.go:30.34,32.4 1 0
github.com/viktorfrom/d7024e-kademlia/internal/kademlia/bucket.go:35.20,36.37 1 0
github.com/viktorfrom/d7024e-kademlia/internal/kademlia/bucket.go:36.37,38.4 1 0
github.com/viktorfrom/d7024e-kademlia/internal/kademlia/bucket.go:39.8,41.3 1 0
github.com/viktorfrom/d7024e-kademlia/internal/kademlia/bucket.go:45.54,47.55 2 0
github.com/viktorfrom/d7024e-kademlia/internal/kademlia/bucket.go:55.2,55.20 1 0
github.com/viktorfrom/d7024e-kademlia/internal/kademlia/bucket.go:47.55,50.34 2 0
github.com/viktorfrom/d7024e-kademlia/internal/kademlia/bucket.go:50.34,52.4 1 0
github.com/viktorfrom/d7024e-kademlia/internal/kademlia/bucket.go:55.20,57.3 1 0
github.com/viktorfrom/d7024e-kademlia/internal/kademlia/bucket.go:60.54,61.55 1 0
github.com/viktorfrom/d7024e-kademlia/internal/kademlia/bucket.go:69.2,69.14 1 0
github.com/viktorfrom/d7024e-kademlia/internal/kademlia/bucket.go:61.55,64.34 2 0
github.com/viktorfrom/d7024e-kademlia/internal/kademlia/bucket.go:64.34,66.4 1 0
github.com/viktorfrom/d7024e-kademlia/internal/kademlia/bucket.go:74.43,77.2 2 0
github.com/viktorfrom/d7024e-kademlia/internal/kademlia/bucket.go:81.75,84.63 2 0
github.com/viktorfrom/d7024e-kademlia/internal/kademlia/bucket.go:90.2,90.17 1 0
github.com/viktorfrom/d7024e-kademlia/internal/kademlia/bucket.go:84.63,88.3 3 0
github.com/viktorfrom/d7024e-kademlia/internal/kademlia/bucket.go:94.33,96.2 1 0
github.com/viktorfrom/d7024e-kademlia/internal/kademlia/bucket.go:17.26,21.2 3 0
github.com/viktorfrom/d7024e-kademlia/internal/kademlia/bucket.go:25.51,27.55 2 0
github.com/viktorfrom/d7024e-kademlia/internal/kademlia/bucket.go:35.2,35.20 1 0
github.com/viktorfrom/d7024e-kademlia/internal/kademlia/bucket.go:27.55,30.34 2 0
github.com/viktorfrom/d7024e-kademlia/internal/kademlia/bucket.go:30.34,32.4 1 0
github.com/viktorfrom/d7024e-kademlia/internal/kademlia/bucket.go:35.20,36.37 1 0
github.com/viktorfrom/d7024e-kademlia/internal/kademlia/bucket.go:36.37,38.4 1 0
github.com/viktorfrom/d7024e-kademlia/internal/kademlia/bucket.go:39.8,41.3 1 0
github.com/viktorfrom/d7024e-kademlia/internal/kademlia/bucket.go:45.54,47.55 2 0
github.com/viktorfrom/d7024e-kademlia/internal/kademlia/bucket.go:55.2,55.20 1 0
github.com/viktorfrom/d7024e-kademlia/internal/kademlia/bucket.go:47.55,50.34 2 0
github.com/viktorfrom/d7024e-kademlia/internal/kademlia/bucket.go:50.34,52.4 1 0
github.com/viktorfrom/d7024e-kademlia/internal/kademlia/bucket.go:55.20,57.3 1 0
github.com/viktorfrom/d7024e-kademlia/internal/kademlia/bucket.go:60.54,61.55 1 0
github.com/viktorfrom/d7024e-kademlia/internal/kademlia/bucket.go:69.2,69.14 1 0
github.com/viktorfrom/d7024e-kademlia/internal/kademlia/bucket.go:61.55,64.34 2 0
github.com/viktorfrom/d7024e-kademlia/internal/kademlia/bucket.go:64.34,66.4 1 0
github.com/viktorfrom/d7024e-kademlia/internal/kademlia/bucket.go:74.43,77.2 2 0
github.com/viktorfrom/d7024e-kademlia/internal/kademlia/bucket.go:81.75,84.63 2 0
github.com/viktorfrom/d7024e-kademlia/internal/kademlia/bucket.go:90.2,90.17 1 0
github.com/viktorfrom/d7024e-kademlia/internal/kademlia/bucket.go:84.63,88.3 3 0
github.com/viktorfrom/d7024e-kademlia/internal/kademlia/bucket.go:94.33,96.2 1 0
github.com/viktorfrom/d7024e-kademlia/internal/kademlia/contact.go:17.53,19.2 1 0
github.com/viktorfrom/d7024e-kademlia/internal/kademlia/contact.go:23.54,25.2 1 0
github.com/viktorfrom/d7024e-kademlia/internal/kademlia/contact.go:28.58,30.2 1 0
github.com/viktorfrom/d7024e-kademlia/internal/kademlia/contact.go:33.41,35.2 1 0
github.com/viktorfrom/d7024e-kademlia/internal/kademlia/contact.go:44.65,46.2 1 0
github.com/viktorfrom/d7024e-kademlia/internal/kademlia/contact.go:49.71,51.37 1 0
github.com/viktorfrom/d7024e-kademlia/internal/kademlia/contact.go:51.37,52.40 1 0
github.com/viktorfrom/d7024e-kademlia/internal/kademlia/contact.go:52.40,54.4 1 0
github.com/viktorfrom/d7024e-kademlia/internal/kademlia/contact.go:59.71,61.2 1 0
github.com/viktorfrom/d7024e-kademlia/internal/kademlia/contact.go:64.45,66.2 1 0
github.com/viktorfrom/d7024e-kademlia/internal/kademlia/contact.go:69.48,71.2 1 0
github.com/viktorfrom/d7024e-kademlia/internal/kademlia/contact.go:75.53,77.2 1 0
github.com/viktorfrom/d7024e-kademlia/internal/kademlia/contact.go:81.58,83.2 1 0
github.com/viktorfrom/d7024e-kademlia/internal/kademlia/contact.go:86.63,87.46 1 0
github.com/viktorfrom/d7024e-kademlia/internal/kademlia/contact.go:92.2,92.14 1 0
github.com/viktorfrom/d7024e-kademlia/internal/kademlia/contact.go:87.46,88.30 1 0
github.com/viktorfrom/d7024e-kademlia/internal/kademlia/contact.go:88.30,90.4 1 0
github.com/viktorfrom/d7024e-kademlia/internal/kademlia/nodeid.go:16.37,20.32 3 0
github.com/viktorfrom/d7024e-kademlia/internal/kademlia/nodeid.go:24.2,24.19 1 0
github.com/viktorfrom/d7024e-kademlia/internal/kademlia/nodeid.go:20.32,22.3 1 0
github.com/viktorfrom/d7024e-kademlia/internal/kademlia/nodeid.go:29.32,32.32 3 0
github.com/viktorfrom/d7024e-kademlia/internal/kademlia/nodeid.go:35.2,35.19 1 0
github.com/viktorfrom/d7024e-kademlia/internal/kademlia/nodeid.go:32.32,34.3 1 0
github.com/viktorfrom/d7024e-kademlia/internal/kademlia/nodeid.go:39.53,40.32 1 0
github.com/viktorfrom/d7024e-kademlia/internal/kademlia/nodeid.go:45.2,45.14 1 0
github.com/viktorfrom/d7024e-kademlia/internal/kademlia/nodeid.go:40.32,41.34 1 0
github.com/viktorfrom/d7024e-kademlia/internal/kademlia/nodeid.go:41.34,43.4 1 0
github.com/viktorfrom/d7024e-kademlia/internal/kademlia/nodeid.go:49.55,50.32 1 0
github.com/viktorfrom/d7024e-kademlia/internal/kademlia/nodeid.go:55.2,55.13 1 0
github.com/viktorfrom/d7024e-kademlia/internal/kademlia/nodeid.go:50.32,51.34 1 0
github.com/viktorfrom/d7024e-kademlia/internal/kademlia/nodeid.go:51.34,53.4 1 0
github.com/viktorfrom/d7024e-kademlia/internal/kademlia/nodeid.go:60.59,62.32 2 0
github.com/viktorfrom/d7024e-kademlia/internal/kademlia/nodeid.go:65.2,65.16 1 0
github.com/viktorfrom/d7024e-kademlia/internal/kademlia/nodeid.go:62.32,64.3 1 0
github.com/viktorfrom/d7024e-kademlia/internal/kademlia/nodeid.go:69.39,71.2 1 0
github.com/viktorfrom/d7024e-kademlia/internal/kademlia/routingtable.go:11.48,13.34 2 0
github.com/viktorfrom/d7024e-kademlia/internal/kademlia/routingtable.go:16.2,17.21 2 0
github.com/viktorfrom/d7024e-kademlia/internal/kademlia/routingtable.go:13.34,15.3 1 0
github.com/viktorfrom/d7024e-kademlia/internal/kademlia/routingtable.go:21.63,25.2 3 0
github.com/viktorfrom/d7024e-kademlia/internal/kademlia/routingtable.go:28.66,32.2 3 0
github.com/viktorfrom/d7024e-kademlia/internal/kademlia/routingtable.go:35.92,42.98 5 0
github.com/viktorfrom/d7024e-kademlia/internal/kademlia/routingtable.go:53.2,55.30 2 0
github.com/viktorfrom/d7024e-kademlia/internal/kademlia/routingtable.go:59.2,59.38 1 0
github.com/viktorfrom/d7024e-kademlia/internal/kademlia/routingtable.go:42.98,43.25 1 0
github.com/viktorfrom/d7024e-kademlia/internal/kademlia/routingtable.go:47.3,47.33 1 0
github.com/viktorfrom/d7024e-kademlia/internal/kademlia/routingtable.go:43.25,46.4 2 0
github.com/viktorfrom/d7024e-kademlia/internal/kademlia/routingtable.go:47.33,50.4 2 0
github.com/viktorfrom/d7024e-kademlia/internal/kademlia/routingtable.go:55.30,57.3 1 0
github.com/viktorfrom/d7024e-kademlia/internal/kademlia/routingtable.go:63.66,65.32 2 0
github.com/viktorfrom/d7024e-kademlia/internal/kademlia/routingtable.go:73.2,73.23 1 0
github.com/viktorfrom/d7024e-kademlia/internal/kademlia/routingtable.go:65.32,66.26 1 0
github.com/viktorfrom/d7024e-kademlia/internal/kademlia/routingtable.go:66.26,67.42 1 0
github.com/viktorfrom/d7024e-kademlia/internal/kademlia/routingtable.go:67.42,69.5 1 0
github.com/viktorfrom/d7024e-kademlia/internal/kademlia/routingtable.go:76.52,78.2 1 0
github.com/viktorfrom/d7024e-kademlia/internal/kademlia/routingtable.go:80.53,82.2 1 0
github.com/viktorfrom/d7024e-kademlia/cmd/kademlia/kademlia.go:13.13,19.2 4 0
github.com/viktorfrom/d7024e-kademlia/pkg/randarr/randarr.go:10.32,15.2 4 1
github.com/viktorfrom/d7024e-kademlia/pkg/randarr/randarr.go:18.36,22.2 3 1
github.com/viktorfrom/d7024e-kademlia/internal/kademlia/network.go:48.41,53.2 4 0
github.com/viktorfrom/d7024e-kademlia/internal/kademlia/network.go:56.45,58.16 2 0
github.com/viktorfrom/d7024e-kademlia/internal/kademlia/network.go:61.2,61.32 1 0
github.com/viktorfrom/d7024e-kademlia/internal/kademlia/network.go:69.2,69.11 1 0
github.com/viktorfrom/d7024e-kademlia/internal/kademlia/network.go:58.16,60.3 1 0
github.com/viktorfrom/d7024e-kademlia/internal/kademlia/network.go:61.32,63.70 1 0
github.com/viktorfrom/d7024e-kademlia/internal/kademlia/network.go:63.70,64.29 1 0
github.com/viktorfrom/d7024e-kademlia/internal/kademlia/network.go:64.29,66.5 1 0
github.com/viktorfrom/d7024e-kademlia/internal/kademlia/network.go:74.62,79.16 4 0
github.com/viktorfrom/d7024e-kademlia/internal/kademlia/network.go:83.2,86.16 3 0
github.com/viktorfrom/d7024e-kademlia/internal/kademlia/network.go:91.2,91.12 1 0
github.com/viktorfrom/d7024e-kademlia/internal/kademlia/network.go:79.16,82.3 2 0
github.com/viktorfrom/d7024e-kademlia/internal/kademlia/network.go:86.16,89.3 2 0
github.com/viktorfrom/d7024e-kademlia/internal/kademlia/network.go:94.60,97.6 2 0
github.com/viktorfrom/d7024e-kademlia/internal/kademlia/network.go:97.6,99.17 2 0
github.com/viktorfrom/d7024e-kademlia/internal/kademlia/network.go:106.3,107.17 2 0
github.com/viktorfrom/d7024e-kademlia/internal/kademlia/network.go:112.3,113.17 2 0
github.com/viktorfrom/d7024e-kademlia/internal/kademlia/network.go:117.3,119.37 2 0
github.com/viktorfrom/d7024e-kademlia/internal/kademlia/network.go:99.17,101.12 2 0
github.com/viktorfrom/d7024e-kademlia/internal/kademlia/network.go:102.9,102.28 1 0
github.com/viktorfrom/d7024e-kademlia/internal/kademlia/network.go:102.28,103.12 1 0
github.com/viktorfrom/d7024e-kademlia/internal/kademlia/network.go:107.17,109.12 2 0
github.com/viktorfrom/d7024e-kademlia/internal/kademlia/network.go:113.17,115.12 2 0
github.com/viktorfrom/d7024e-kademlia/internal/kademlia/network.go:123.88,126.19 3 0
github.com/viktorfrom/d7024e-kademlia/internal/kademlia/network.go:139.2,139.16 1 0
github.com/viktorfrom/d7024e-kademlia/internal/kademlia/network.go:144.2,148.20 4 0
github.com/viktorfrom/d7024e-kademlia/internal/kademlia/network.go:127.12,128.51 1 0
github.com/viktorfrom/d7024e-kademlia/internal/kademlia/network.go:129.13,130.52 1 0
github.com/viktorfrom/d7024e-kademlia/internal/kademlia/network.go:131.16,132.55 1 0
github.com/viktorfrom/d7024e-kademlia/internal/kademlia/network.go:133.17,134.56 1 0
github.com/viktorfrom/d7024e-kademlia/internal/kademlia/network.go:135.10,136.44 1 0
github.com/viktorfrom/d7024e-kademlia/internal/kademlia/network.go:139.16,142.3 2 0
github.com/viktorfrom/d7024e-kademlia/internal/kademlia/network.go:151.71,155.2 3 0
github.com/viktorfrom/d7024e-kademlia/internal/kademlia/network.go:157.71,158.16 1 0
github.com/viktorfrom/d7024e-kademlia/internal/kademlia/network.go:162.2,162.17 1 0
github.com/viktorfrom/d7024e-kademlia/internal/kademlia/network.go:158.16,160.3 1 0
github.com/viktorfrom/d7024e-kademlia/internal/kademlia/network.go:165.72,167.16 2 0
github.com/viktorfrom/d7024e-kademlia/internal/kademlia/network.go:171.2,173.32 3 0
github.com/viktorfrom/d7024e-kademlia/internal/kademlia/network.go:177.2,179.17 2 0
github.com/viktorfrom/d7024e-kademlia/internal/kademlia/network.go:167.16,169.3 1 0
github.com/viktorfrom/d7024e-kademlia/internal/kademlia/network.go:173.32,175.3 1 0
github.com/viktorfrom/d7024e-kademlia/internal/kademlia/network.go:182.75,184.16 2 0
github.com/viktorfrom/d7024e-kademlia/internal/kademlia/network.go:188.2,188.25 1 0
github.com/viktorfrom/d7024e-kademlia/internal/kademlia/network.go:192.2,200.17 7 0
github.com/viktorfrom/d7024e-kademlia/internal/kademlia/network.go:184.16,186.3 1 0
github.com/viktorfrom/d7024e-kademlia/internal/kademlia/network.go:188.25,190.3 1 0
github.com/viktorfrom/d7024e-kademlia/internal/kademlia/network.go:203.76,205.16 2 0
github.com/viktorfrom/d7024e-kademlia/internal/kademlia/network.go:210.2,210.25 1 0
github.com/viktorfrom/d7024e-kademlia/internal/kademlia/network.go:215.2,216.16 2 0
github.com/viktorfrom/d7024e-kademlia/internal/kademlia/network.go:221.2,223.18 2 0
github.com/viktorfrom/d7024e-kademlia/internal/kademlia/network.go:227.2,228.17 2 0
github.com/viktorfrom/d7024e-kademlia/internal/kademlia/network.go:205.16,208.3 2 0
github.com/viktorfrom/d7024e-kademlia/internal/kademlia/network.go:210.25,213.3 2 0
github.com/viktorfrom/d7024e-kademlia/internal/kademlia/network.go:216.16,219.3 2 0
github.com/viktorfrom/d7024e-kademlia/internal/kademlia/network.go:223.18,225.3 1 0
github.com/viktorfrom/d7024e-kademlia/internal/kademlia/network.go:231.127,232.40 1 0
github.com/viktorfrom/d7024e-kademlia/internal/kademlia/network.go:237.2,242.16 5 0
github.com/viktorfrom/d7024e-kademlia/internal/kademlia/network.go:247.2,248.16 2 0
github.com/viktorfrom/d7024e-kademlia/internal/kademlia/network.go:253.2,254.16 2 0
github.com/viktorfrom/d7024e-kademlia/internal/kademlia/network.go:258.2,264.16 5 0
github.com/viktorfrom/d7024e-kademlia/internal/kademlia/network.go:269.2,270.16 2 0
github.com/viktorfrom/d7024e-kademlia/internal/kademlia/network.go:275.2,275.20 1 0
github.com/viktorfrom/d7024e-kademlia/internal/kademlia/network.go:280.2,280.47 1 0
github.com/viktorfrom/d7024e-kademlia/internal/kademlia/network.go:285.2,286.16 2 0
github.com/viktorfrom/d7024e-kademlia/internal/kademlia/network.go:291.2,291.28 1 0
github.com/viktorfrom/d7024e-kademlia/internal/kademlia/network.go:296.2,296.19 1 0
github.com/viktorfrom/d7024e-kademlia/internal/kademlia/network.go:232.40,235.3 2 0
github.com/viktorfrom/d7024e-kademlia/internal/kademlia/network.go:242.16,245.3 2 0
github.com/viktorfrom/d7024e-kademlia/internal/kademlia/network.go:248.16,251.3 2 0
github.com/viktorfrom/d7024e-kademlia/internal/kademlia/network.go:254.16,257.3 2 0
github.com/viktorfrom/d7024e-kademlia/internal/kademlia/network.go:264.16,267.3 2 0
github.com/viktorfrom/d7024e-kademlia/internal/kademlia/network.go:270.16,273.3 2 0
github.com/viktorfrom/d7024e-kademlia/internal/kademlia/network.go:275.20,278.3 2 0
github.com/viktorfrom/d7024e-kademlia/internal/kademlia/network.go:280.47,283.3 2 0
github.com/viktorfrom/d7024e-kademlia/internal/kademlia/network.go:286.16,289.3 2 0
github.com/viktorfrom/d7024e-kademlia/internal/kademlia/network.go:291.28,294.3 2 0
github.com/viktorfrom/d7024e-kademlia/internal/kademlia/network.go:302.90,304.16 2 0
github.com/viktorfrom/d7024e-kademlia/internal/kademlia/network.go:309.2,313.17 4 0
github.com/viktorfrom/d7024e-kademlia/internal/kademlia/network.go:304.16,307.3 2 0
github.com/viktorfrom/d7024e-kademlia/internal/kademlia/network.go:319.106,321.16 2 0
github.com/viktorfrom/d7024e-kademlia/internal/kademlia/network.go:326.2,329.17 3 0
github.com/viktorfrom/d7024e-kademlia/internal/kademlia/network.go:321.16,324.3 2 0
github.com/viktorfrom/d7024e-kademlia/internal/kademlia/network.go:336.97,338.16 2 0
github.com/viktorfrom/d7024e-kademlia/internal/kademlia/network.go:343.2,347.17 4 0
github.com/viktorfrom/d7024e-kademlia/internal/kademlia/network.go:338.16,341.3 2 0
github.com/viktorfrom/d7024e-kademlia/internal/kademlia/network.go:352.117,354.16 2 0
github.com/viktorfrom/d7024e-kademlia/internal/kademlia/network.go:359.2,362.17 3 0
github.com/viktorfrom/d7024e-kademlia/internal/kademlia/network.go:354.16,357.3 2 0
github.com/viktorfrom/d7024e-kademlia/internal/kademlia/network.go:365.41,366.16 1 0
github.com/viktorfrom/d7024e-kademlia/internal/kademlia/network.go:370.2,370.24 1 0
github.com/viktorfrom/d7024e-kademlia/internal/kademlia/network.go:373.2,373.12 1 0
github.com/viktorfrom/d7024e-kademlia/internal/kademlia/network.go:366.16,368.3 1 0
github.com/viktorfrom/d7024e-kademlia/internal/kademlia/network.go:370.24,372.3 1 0
github.com/viktorfrom/d7024e-kademlia/internal/kademlia/network.go:376.64,377.37 1 0
github.com/viktorfrom/d7024e-kademlia/internal/kademlia/network.go:384.2,384.12 1 0
github.com/viktorfrom/d7024e-kademlia/internal/kademlia/network.go:377.37,379.3 1 0
github.com/viktorfrom/d7024e-kademlia/internal/kademlia/network.go:379.8,379.27 1 0
github.com/viktorfrom/d7024e-kademlia/internal/kademlia/network.go:379.27,381.3 1 0
github.com/viktorfrom/d7024e-kademlia/internal/kademlia/network.go:381.8,381.26 1 0
github.com/viktorfrom/d7024e-kademlia/internal/kademlia/network.go:381.26,383.3 1 0
github.com/viktorfrom/d7024e-kademlia/internal/kademlia/node.go:21.34,30.22 5 0
github.com/viktorfrom/d7024e-kademlia/internal/kademlia/node.go:37.2,43.22 5 0
github.com/viktorfrom/d7024e-kademlia/internal/kademlia/node.go:52.2,52.44 1 0
github.com/viktorfrom/d7024e-kademlia/internal/kademlia/node.go:30.22,32.3 1 0
github.com/viktorfrom/d7024e-kademlia/internal/kademlia/node.go:32.8,35.3 1 0
github.com/viktorfrom/d7024e-kademlia/internal/kademlia/node.go:43.22,50.3 3 0
github.com/viktorfrom/d7024e-kademlia/internal/kademlia/node.go:55.62,68.6 7 0
github.com/viktorfrom/d7024e-kademlia/internal/kademlia/node.go:120.2,120.27 1 0
github.com/viktorfrom/d7024e-kademlia/internal/kademlia/node.go:68.6,72.61 3 0
github.com/viktorfrom/d7024e-kademlia/internal/kademlia/node.go:115.3,115.56 1 0
github.com/viktorfrom/d7024e-kademlia/internal/kademlia/node.go:72.61,74.51 1 0
github.com/viktorfrom/d7024e-kademlia/internal/kademlia/node.go:74.51,75.13 1 0
github.com/viktorfrom/d7024e-kademlia/internal/kademlia/node.go:76.10,80.19 2 0
github.com/viktorfrom/d7024e-kademlia/internal/kademlia/node.go:87.5,94.52 4 0
github.com/viktorfrom/d7024e-kademlia/internal/kademlia/node.go:100.5,100.87 1 0
github.com/viktorfrom/d7024e-kademlia/internal/kademlia/node.go:111.5,111.16 1 0
github.com/viktorfrom/d7024e-kademlia/internal/kademlia/node.go:80.19,84.14 4 0
github.com/viktorfrom/d7024e-kademlia/internal/kademlia/node.go:94.52,96.6 1 0
github.com/viktorfrom/d7024e-kademlia/internal/kademlia/node.go:100.87,104.39 4 0
github.com/viktorfrom/d7024e-kademlia/internal/kademlia/node.go:108.6,108.26 1 0
github.com/viktorfrom/d7024e-kademlia/internal/kademlia/node.go:104.39,106.7 1 0
github.com/viktorfrom/d7024e-kademlia/internal/kademlia/node.go:115.56,116.9 1 0
github.com/viktorfrom/d7024e-kademlia/internal/kademlia/node.go:123.53,125.47 1 0
github.com/viktorfrom/d7024e-kademlia/internal/kademlia/node.go:197.2,197.26 1 0
github.com/viktorfrom/d7024e-kademlia/internal/kademlia/node.go:125.47,128.3 1 0
github.com/viktorfrom/d7024e-kademlia/internal/kademlia/node.go:128.8,139.7 6 0
github.com/viktorfrom/d7024e-kademlia/internal/kademlia/node.go:139.7,143.62 3 0
github.com/viktorfrom/d7024e-kademlia/internal/kademlia/node.go:191.4,191.57 1 0
github.com/viktorfrom/d7024e-kademlia/internal/kademlia/node.go:143.62,145.52 1 0
github.com/viktorfrom/d7024e-kademlia/internal/kademlia/node.go:145.52,146.14 1 0
github.com/viktorfrom/d7024e-kademlia/internal/kademlia/node.go:147.11,150.34 2 0
github.com/viktorfrom/d7024e-kademlia/internal/kademlia/node.go:155.6,155.20 1 0
github.com/viktorfrom/d7024e-kademlia/internal/kademlia/node.go:162.6,170.53 4 0
github.com/viktorfrom/d7024e-kademlia/internal/kademlia/node.go:176.6,176.55 1 0
github.com/viktorfrom/d7024e-kademlia/internal/kademlia/node.go:187.6,187.17 1 0
github.com/viktorfrom/d7024e-kademlia/internal/kademlia/node.go:150.34,152.7 1 0
github.com/viktorfrom/d7024e-kademlia/internal/kademlia/node.go:155.20,159.15 4 0
github.com/viktorfrom/d7024e-kademlia/internal/kademlia/node.go:170.53,172.7 1 0
github.com/viktorfrom/d7024e-kademlia/internal/kademlia/node.go:176.55,180.40 4 0
github.com/viktorfrom/d7024e-kademlia/internal/kademlia/node.go:184.7,184.27 1 0
github.com/viktorfrom/d7024e-kademlia/internal/kademlia/node.go:180.40,182.8 1 0
github.com/viktorfrom/d7024e-kademlia/internal/kademlia/node.go:191.57,192.10 1 0
github.com/viktorfrom/d7024e-kademlia/internal/kademlia/node.go:202.47,213.29 6 0
github.com/viktorfrom/d7024e-kademlia/internal/kademlia/node.go:213.29,216.17 2 0
github.com/viktorfrom/d7024e-kademlia/internal/kademlia/node.go:216.17,219.4 2 0
github.com/viktorfrom/d7024e-kademlia/internal/kademlia/node.go:219.9,223.4 2 0
github.com/viktorfrom/d7024e-kademlia/internal/kademlia/node.go:230.45,233.16 2 0
github.com/viktorfrom/d7024e-kademlia/internal/kademlia/node.go:233.16,236.3 2 0
github.com/viktorfrom/d7024e-kademlia/internal/kademlia/node.go:236.8,236.30 1 0
github.com/viktorfrom/d7024e-kademlia/internal/kademlia/node.go:236.30,238.3 1 0
github.com/viktorfrom/d7024e-kademlia/internal/kademlia/node.go:244.68,246.59 1 0
github.com/viktorfrom/d7024e-kademlia/internal/kademlia/node.go:246.59,248.3 1 0
github.com/viktorfrom/d7024e-kademlia/internal/kademlia/node.go:248.8,253.32 2 0
github.com/viktorfrom/d7024e-kademlia/internal/kademlia/node.go:253.32,255.4 1 0
github.com/viktorfrom/d7024e-kademlia/internal/kademlia/node.go:261.60,263.13 2 0
github.com/viktorfrom/d7024e-kademlia/internal/kademlia/node.go:266.2,266.15 1 0
github.com/viktorfrom/d7024e-kademlia/internal/kademlia/node.go:263.13,265.3 1 0
github.com/viktorfrom/d7024e-kademlia/internal/kademlia/node.go:270.68,283.32 8 0
github.com/viktorfrom/d7024e-kademlia/internal/kademlia/node.go:288.2,288.18 1 0
github.com/viktorfrom/d7024e-kademlia/internal/kademlia/node.go:283.32,286.3 2 0
github.com/viktorfrom/d7024e-kademlia/internal/kademlia/node.go:291.38,292.27 1 0
github.com/viktorfrom/d7024e-kademlia/internal/kademlia/node.go:292.27,296.3 3 0
github.com/viktorfrom/d7024e-kademlia/internal/kademlia/node.go:301.51,308.2 3 0
github.com/viktorfrom/d7024e-kademlia/internal/kademlia/node.go:310.66,312.2 1 0
github.com/viktorfrom/d7024e-kademlia/internal/kademlia/rpc.go:50.91,52.16 2 0
github.com/viktorfrom/d7024e-kademlia/internal/kademlia/rpc.go:56.2,62.21 5 0
github.com/viktorfrom/d7024e-kademlia/internal/kademlia/rpc.go:52.16,54.3 1 0
github.com/viktorfrom/d7024e-kademlia/internal/kademlia/rpc.go:65.41,66.35 1 0
github.com/viktorfrom/d7024e-kademlia/internal/kademlia/rpc.go:71.2,71.33 1 0
github.com/viktorfrom/d7024e-kademlia/internal/kademlia/rpc.go:66.35,67.21 1 0
github.com/viktorfrom/d7024e-kademlia/internal/kademlia/rpc.go:67.21,69.4 1 0
github.com/viktorfrom/d7024e-kademlia/internal/kademlia/rpc.go:75.42,80.2 3 0
github.com/viktorfrom/d7024e-kademlia/internal/kademlia/rpc.go:83.46,86.16 3 0
github.com/viktorfrom/d7024e-kademlia/internal/kademlia/rpc.go:90.2,90.18 1 0
github.com/viktorfrom/d7024e-kademlia/internal/kademlia/rpc.go:86.16,88.3 1 0
github.com/viktorfrom/d7024e-kademlia/cmd/kademlia/cli.go:17.48,21.6 3 0
github.com/viktorfrom/d7024e-kademlia/cmd/kademlia/cli.go:21.6,25.43 3 0
github.com/viktorfrom/d7024e-kademlia/cmd/kademlia/cli.go:25.43,26.12 1 0
github.com/viktorfrom/d7024e-kademlia/cmd/kademlia/cli.go:28.9,33.4 2 0
github.com/viktorfrom/d7024e-kademlia/cmd/kademlia/commands.go:27.73,29.21 1 0
github.com/viktorfrom/d7024e-kademlia/cmd/kademlia/commands.go:30.13,31.25 1 0
github.com/viktorfrom/d7024e-kademlia/cmd/kademlia/commands.go:36.11,37.25 1 0
github.com/viktorfrom/d7024e-kademlia/cmd/kademlia/commands.go:42.14,43.25 1 0
github.com/viktorfrom/d7024e-kademlia/cmd/kademlia/commands.go:48.13,49.25 1 0
github.com/viktorfrom/d7024e-kademlia/cmd/kademlia/commands.go:54.11,55.25 1 0
github.com/viktorfrom/d7024e-kademlia/cmd/kademlia/commands.go:60.11,64.46 3 0
github.com/viktorfrom/d7024e-kademlia/cmd/kademlia/commands.go:65.14,66.41 1 0
github.com/viktorfrom/d7024e-kademlia/cmd/kademlia/commands.go:67.14,68.9 1 0
github.com/viktorfrom/d7024e-kademlia/cmd/kademlia/commands.go:69.11,70.9 1 0
github.com/viktorfrom/d7024e-kademlia/cmd/kademlia/commands.go:71.14,72.15 1 0
github.com/viktorfrom/d7024e-kademlia/cmd/kademlia/commands.go:73.11,74.15 1 0
github.com/viktorfrom/d7024e-kademlia/cmd/kademlia/commands.go:75.10,76.38 1 0
github.com/viktorfrom/d7024e-kademlia/cmd/kademlia/commands.go:31.25,33.4 1 0
github.com/viktorfrom/d7024e-kademlia/cmd/kademlia/commands.go:33.9,35.4 1 0
github.com/viktorfrom/d7024e-kademlia/cmd/kademlia/commands.go:37.25,39.4 1 0
github.com/viktorfrom/d7024e-kademlia/cmd/kademlia/commands.go:39.9,41.4 1 0
github.com/viktorfrom/d7024e-kademlia/cmd/kademlia/commands.go:43.25,45.4 1 0
github.com/viktorfrom/d7024e-kademlia/cmd/kademlia/commands.go:45.9,47.4 1 0
github.com/viktorfrom/d7024e-kademlia/cmd/kademlia/commands.go:49.25,51.4 1 0
github.com/viktorfrom/d7024e-kademlia/cmd/kademlia/commands.go:51.9,53.4 1 0
github.com/viktorfrom/d7024e-kademlia/cmd/kademlia/commands.go:55.25,57.4 1 0
github.com/viktorfrom/d7024e-kademlia/cmd/kademlia/commands.go:57.9,59.4 1 0
github.com/viktorfrom/d7024e-kademlia/cmd/kademlia/commands.go:80.44,82.2 1 0
github.com/viktorfrom/d7024e-kademlia/cmd/kademlia/commands.go:84.46,86.2 0 0
github.com/viktorfrom/d7024e-kademlia/cmd/kademlia/commands.go:88.43,91.2 2 0
github.com/viktorfrom/d7024e-kademlia/cmd/kademlia/commands.go:93.13,95.2 1 0
github.com/viktorfrom/d7024e-kademlia/cmd/kademlia/commands.go:97.29,99.16 2 0
github.com/viktorfrom/d7024e-kademlia/cmd/kademlia/commands.go:104.2,105.28 2 0
github.com/viktorfrom/d7024e-kademlia/cmd/kademlia/commands.go:99.16,101.3 1 0
github.com/viktorfrom/d7024e-kademlia/internal/logger/logger.go:19.71,26.21 5 0
github.com/viktorfrom/d7024e-kademlia/internal/logger/logger.go:35.2,37.15 2 0
github.com/viktorfrom/d7024e-kademlia/internal/logger/logger.go:26.21,28.17 2 0
github.com/viktorfrom/d7024e-kademlia/internal/logger/logger.go:28.17,30.4 1 0
github.com/viktorfrom/d7024e-kademlia/internal/logger/logger.go:30.9,32.4 1 0
github.com/viktorfrom/d7024e-kademlia/internal/logger/logger.go:41.49,43.2 1 0
github.com/viktorfrom/d7024e-kademlia/internal/logger/logger.go:46.52,48.2 1 0
github.com/viktorfrom/d7024e-kademlia/internal/logger/logger.go:51.50,53.2 1 0
